g++ -g  -I./include -pthread -m64 -I/usr/local/root-5.34.36/include -I/home/uiuc/softwarerepo/install/include -I/include -o libAnalysis.so -shared  Analysis.cc  src/Cluster.cxx src/Configuration.cxx src/HistoManager.cxx src/Hit.cxx src/Processor.cxx src/TreeManager.cxx Analysis_dict.C -Wl,--no-as-needed  -lSpectrum  -L/home/uiuc/softwarerepo/install/lib -L/lib -lpmonitor -lEvent -lNoRootEvent -lmessage  -L/usr/local/root-5.34.36/lib -lGui -lCore -lCint -lRIO -lNet -lHist -lGraf -lGraf3d -lGpad -lTree -lRint -lPostscript -lMatrix -lPhysics -lMathCore -lThread -pthread -lm -ldl -rdynamic -fPIC 
Analysis.cc:1:1: error: ‘m’ does not name a type
 m/*
 ^
In file included from /usr/include/stdio.h:74:0,
                 from /usr/local/root-5.34.36/include/TString.h:28,
                 from ./include/Processor.h:5,
                 from ./include/HistoManager.h:5,
                 from ./include/Analysis.h:3,
                 from Analysis.cc:12:
/usr/include/libio.h:307:3: error: ‘size_t’ does not name a type
   size_t __pad5;
   ^
/usr/include/libio.h:311:67: error: ‘size_t’ was not declared in this scope
   char _unused2[15 * sizeof (int) - 4 * sizeof (void *) - sizeof (size_t)];
                                                                   ^
/usr/include/libio.h:339:62: error: ‘size_t’ has not been declared
 typedef __ssize_t __io_read_fn (void *__cookie, char *__buf, size_t __nbytes);
                                                              ^
/usr/include/libio.h:348:6: error: ‘size_t’ has not been declared
      size_t __n);
      ^
In file included from /usr/include/stdio.h:74:0,
                 from /usr/local/root-5.34.36/include/TString.h:28,
                 from ./include/Processor.h:5,
                 from ./include/HistoManager.h:5,
                 from ./include/Analysis.h:3,
                 from Analysis.cc:12:
/usr/include/libio.h:470:8: error: ‘size_t’ does not name a type
 extern _IO_size_t _IO_sgetn (_IO_FILE *, void *, _IO_size_t);
        ^
In file included from /usr/local/root-5.34.36/include/TString.h:28:0,
                 from ./include/Processor.h:5,
                 from ./include/HistoManager.h:5,
                 from ./include/Analysis.h:3,
                 from Analysis.cc:12:
/usr/include/stdio.h:319:35: error: ‘size_t’ has not been declared
 extern FILE *fmemopen (void *__s, size_t __len, const char *__modes)
                                   ^
/usr/include/stdio.h:325:47: error: ‘size_t’ has not been declared
 extern FILE *open_memstream (char **__bufloc, size_t *__sizeloc) __THROW __wur;
                                               ^
/usr/include/stdio.h:337:20: error: ‘size_t’ has not been declared
       int __modes, size_t __n) __THROW;
                    ^
/usr/include/stdio.h:344:10: error: ‘size_t’ has not been declared
          size_t __size) __THROW;
          ^
/usr/include/stdio.h:386:44: error: ‘size_t’ has not been declared
 extern int snprintf (char *__restrict __s, size_t __maxlen,
                                            ^
/usr/include/stdio.h:390:45: error: ‘size_t’ has not been declared
 extern int vsnprintf (char *__restrict __s, size_t __maxlen,
                                             ^
/usr/include/stdio.h:666:11: error: ‘size_t’ has not been declared
           size_t *__restrict __n, int __delimiter,
           ^
/usr/include/stdio.h:669:9: error: ‘size_t’ has not been declared
         size_t *__restrict __n, int __delimiter,
         ^
/usr/include/stdio.h:679:8: error: ‘size_t’ has not been declared
        size_t *__restrict __n,
        ^
/usr/include/stdio.h:709:8: error: ‘size_t’ does not name a type
 extern size_t fread (void *__restrict __ptr, size_t __size,
        ^
/usr/include/stdio.h:715:8: error: ‘size_t’ does not name a type
 extern size_t fwrite (const void *__restrict __ptr, size_t __size,
        ^
/usr/include/stdio.h:737:8: error: ‘size_t’ does not name a type
 extern size_t fread_unlocked (void *__restrict __ptr, size_t __size,
        ^
/usr/include/stdio.h:739:8: error: ‘size_t’ does not name a type
 extern size_t fwrite_unlocked (const void *__restrict __ptr, size_t __size,
        ^
In file included from /usr/include/c++/4.8.2/cwchar:44:0,
                 from /usr/include/c++/4.8.2/bits/postypes.h:40,
                 from /usr/include/c++/4.8.2/iosfwd:40,
                 from /usr/local/root-5.34.36/include/Riosfwd.h:33,
                 from /usr/local/root-5.34.36/include/TString.h:32,
                 from ./include/Processor.h:5,
                 from ./include/HistoManager.h:5,
                 from ./include/Analysis.h:3,
                 from Analysis.cc:12:
/usr/include/wchar.h:151:38: error: ‘size_t’ has not been declared
     const wchar_t *__restrict __src, size_t __n)
                                      ^
/usr/include/wchar.h:159:38: error: ‘size_t’ has not been declared
     const wchar_t *__restrict __src, size_t __n)
                                      ^
/usr/include/wchar.h:166:63: error: ‘size_t’ has not been declared
 extern int wcsncmp (const wchar_t *__s1, const wchar_t *__s2, size_t __n)
                                                               ^
/usr/include/wchar.h:176:4: error: ‘size_t’ has not been declared
    size_t __n) __THROW;
    ^
/usr/include/wchar.h:183:5: error: ‘__locale_t’ has not been declared
     __locale_t __loc) __THROW;
     ^
/usr/include/wchar.h:186:6: error: ‘size_t’ has not been declared
      size_t __n, __locale_t __loc) __THROW;
      ^
/usr/include/wchar.h:186:18: error: ‘__locale_t’ has not been declared
      size_t __n, __locale_t __loc) __THROW;
                  ^
/usr/include/wchar.h:196:8: error: ‘size_t’ does not name a type
 extern size_t wcsxfrm (wchar_t *__restrict __s1,
        ^
/usr/include/wchar.h:207:9: error: ‘__locale_t’ has not been declared
         __locale_t __loc) __THROW;
         ^
/usr/include/wchar.h:212:8: error: ‘size_t’ does not name a type
 extern size_t wcsxfrm_l (wchar_t *__s1, const wchar_t *__s2,
        ^
/usr/include/wchar.h:252:8: error: ‘size_t’ does not name a type
 extern size_t wcscspn (const wchar_t *__wcs, const wchar_t *__reject)
        ^
/usr/include/wchar.h:256:8: error: ‘size_t’ does not name a type
 extern size_t wcsspn (const wchar_t *__wcs, const wchar_t *__accept)
        ^
/usr/include/wchar.h:287:8: error: ‘size_t’ does not name a type
 extern size_t wcslen (const wchar_t *__s) __THROW __attribute_pure__;
        ^
/usr/include/wchar.h:306:8: error: ‘size_t’ does not name a type
 extern size_t wcsnlen (const wchar_t *__s, size_t __maxlen)
        ^
/usr/include/wchar.h:314:59: error: ‘size_t’ has not been declared
 extern "C++" wchar_t *wmemchr (wchar_t *__s, wchar_t __c, size_t __n)
                                                           ^
/usr/include/wchar.h:317:10: error: ‘size_t’ has not been declared
          size_t __n)
          ^
/usr/include/wchar.h:325:63: error: ‘size_t’ has not been declared
 extern int wmemcmp (const wchar_t *__s1, const wchar_t *__s2, size_t __n)
                                                               ^
/usr/include/wchar.h:330:37: error: ‘size_t’ has not been declared
     const wchar_t *__restrict __s2, size_t __n) __THROW;
                                     ^
/usr/include/wchar.h:334:63: error: ‘size_t’ has not been declared
 extern wchar_t *wmemmove (wchar_t *__s1, const wchar_t *__s2, size_t __n)
                                                               ^
/usr/include/wchar.h:338:53: error: ‘size_t’ has not been declared
 extern wchar_t *wmemset (wchar_t *__s, wchar_t __c, size_t __n) __THROW;
                                                     ^
/usr/include/wchar.h:345:38: error: ‘size_t’ has not been declared
      const wchar_t *__restrict __s2, size_t __n)
                                      ^
/usr/include/wchar.h:365:8: error: ‘size_t’ does not name a type
 extern size_t mbrtowc (wchar_t *__restrict __pwc,
        ^
/usr/include/wchar.h:370:8: error: ‘size_t’ does not name a type
 extern size_t wcrtomb (char *__restrict __s, wchar_t __wc,
        ^
/usr/include/wchar.h:374:8: error: ‘size_t’ does not name a type
 extern size_t __mbrlen (const char *__restrict __s, size_t __n,
        ^
/usr/include/wchar.h:376:8: error: ‘size_t’ does not name a type
 extern size_t mbrlen (const char *__restrict __s, size_t __n,
        ^
/usr/include/wchar.h:408:8: error: ‘size_t’ does not name a type
 extern size_t mbsrtowcs (wchar_t *__restrict __dst,
        ^
/usr/include/wchar.h:414:8: error: ‘size_t’ does not name a type
 extern size_t wcsrtombs (char *__restrict __dst,
        ^
/usr/include/wchar.h:423:8: error: ‘size_t’ does not name a type
 extern size_t mbsnrtowcs (wchar_t *__restrict __dst,
        ^
/usr/include/wchar.h:429:8: error: ‘size_t’ does not name a type
 extern size_t wcsnrtombs (char *__restrict __dst,
        ^
/usr/include/wchar.h:443:42: error: ‘size_t’ has not been declared
 extern int wcswidth (const wchar_t *__s, size_t __n) __THROW;
                                          ^
/usr/include/wchar.h:532:6: error: ‘__locale_t’ has not been declared
      __locale_t __loc) __THROW;
      ^
/usr/include/wchar.h:536:21: error: ‘__locale_t’ has not been declared
         int __base, __locale_t __loc) __THROW;
                     ^
/usr/include/wchar.h:541:17: error: ‘__locale_t’ has not been declared
     int __base, __locale_t __loc) __THROW;
                 ^
/usr/include/wchar.h:546:20: error: ‘__locale_t’ has not been declared
        int __base, __locale_t __loc)
                    ^
/usr/include/wchar.h:550:35: error: ‘__locale_t’ has not been declared
    wchar_t **__restrict __endptr, __locale_t __loc)
                                   ^
/usr/include/wchar.h:554:41: error: ‘__locale_t’ has not been declared
          wchar_t **__restrict __endptr, __locale_t __loc)
                                         ^
/usr/include/wchar.h:559:10: error: ‘__locale_t’ has not been declared
          __locale_t __loc) __THROW;
          ^
/usr/include/wchar.h:572:38: error: ‘size_t’ has not been declared
     const wchar_t *__restrict __src, size_t __n)
                                      ^
/usr/include/wchar.h:580:53: error: ‘size_t’ has not been declared
 extern __FILE *open_wmemstream (wchar_t **__bufloc, size_t *__sizeloc) __THROW;
                                                     ^
/usr/include/wchar.h:604:47: error: ‘size_t’ has not been declared
 extern int swprintf (wchar_t *__restrict __s, size_t __n,
                                               ^
/usr/include/wchar.h:625:48: error: ‘size_t’ has not been declared
 extern int vswprintf (wchar_t *__restrict __s, size_t __n,
                                                ^
/usr/include/wchar.h:855:8: error: ‘size_t’ does not name a type
 extern size_t wcsftime (wchar_t *__restrict __s, size_t __maxsize,
        ^
/usr/include/wchar.h:865:8: error: ‘size_t’ does not name a type
 extern size_t wcsftime_l (wchar_t *__restrict __s, size_t __maxsize,
        ^
In file included from /usr/include/c++/4.8.2/bits/postypes.h:40:0,
                 from /usr/include/c++/4.8.2/iosfwd:40,
                 from /usr/local/root-5.34.36/include/Riosfwd.h:33,
                 from /usr/local/root-5.34.36/include/TString.h:32,
                 from ./include/Processor.h:5,
                 from ./include/HistoManager.h:5,
                 from ./include/Analysis.h:3,
                 from Analysis.cc:12:
/usr/include/c++/4.8.2/cwchar:151:11: error: ‘::mbrlen’ has not been declared
   using ::mbrlen;
           ^
/usr/include/c++/4.8.2/cwchar:152:11: error: ‘::mbrtowc’ has not been declared
   using ::mbrtowc;
           ^
/usr/include/c++/4.8.2/cwchar:154:11: error: ‘::mbsrtowcs’ has not been declared
   using ::mbsrtowcs;
           ^
/usr/include/c++/4.8.2/cwchar:176:11: error: ‘::wcrtomb’ has not been declared
   using ::wcrtomb;
           ^
/usr/include/c++/4.8.2/cwchar:181:11: error: ‘::wcscspn’ has not been declared
   using ::wcscspn;
           ^
/usr/include/c++/4.8.2/cwchar:182:11: error: ‘::wcsftime’ has not been declared
   using ::wcsftime;
           ^
/usr/include/c++/4.8.2/cwchar:183:11: error: ‘::wcslen’ has not been declared
   using ::wcslen;
           ^
/usr/include/c++/4.8.2/cwchar:187:11: error: ‘::wcsrtombs’ has not been declared
   using ::wcsrtombs;
           ^
/usr/include/c++/4.8.2/cwchar:188:11: error: ‘::wcsspn’ has not been declared
   using ::wcsspn;
           ^
/usr/include/c++/4.8.2/cwchar:196:11: error: ‘::wcsxfrm’ has not been declared
   using ::wcsxfrm;
           ^
In file included from /usr/local/root-5.34.36/include/strlcpy.h:21:0,
                 from /usr/local/root-5.34.36/include/Rtypes.h:36,
                 from /usr/local/root-5.34.36/include/TMathBase.h:30,
                 from /usr/local/root-5.34.36/include/TString.h:36,
                 from ./include/Processor.h:5,
                 from ./include/HistoManager.h:5,
                 from ./include/Analysis.h:3,
                 from Analysis.cc:12:
/usr/include/unistd.h:360:45: error: ‘size_t’ has not been declared
 extern ssize_t read (int __fd, void *__buf, size_t __nbytes) __wur;
                                             ^
/usr/include/unistd.h:366:52: error: ‘size_t’ has not been declared
 extern ssize_t write (int __fd, const void *__buf, size_t __n) __wur;
                                                    ^
/usr/include/unistd.h:376:46: error: ‘size_t’ has not been declared
 extern ssize_t pread (int __fd, void *__buf, size_t __nbytes,
                                              ^
/usr/include/unistd.h:384:53: error: ‘size_t’ has not been declared
 extern ssize_t pwrite (int __fd, const void *__buf, size_t __n,
                                                     ^
/usr/include/unistd.h:404:48: error: ‘size_t’ has not been declared
 extern ssize_t pread64 (int __fd, void *__buf, size_t __nbytes,
                                                ^
/usr/include/unistd.h:408:55: error: ‘size_t’ has not been declared
 extern ssize_t pwrite64 (int __fd, const void *__buf, size_t __n,
                                                       ^
/usr/include/unistd.h:511:35: error: ‘size_t’ has not been declared
 extern char *getcwd (char *__buf, size_t __size) __THROW __wur;
                                   ^
In file included from /usr/local/root-5.34.36/include/strlcpy.h:21:0,
                 from /usr/local/root-5.34.36/include/Rtypes.h:36,
                 from /usr/local/root-5.34.36/include/TMathBase.h:30,
                 from /usr/local/root-5.34.36/include/TString.h:36,
                 from ./include/Processor.h:5,
                 from ./include/HistoManager.h:5,
                 from ./include/Analysis.h:3,
                 from Analysis.cc:12:
/usr/include/unistd.h:623:8: error: ‘size_t’ does not name a type
 extern size_t confstr (int __name, char *__buf, size_t __len) __THROW;
        ^
/usr/include/unistd.h:796:46: error: ‘size_t’ has not been declared
 extern int ttyname_r (int __fd, char *__buf, size_t __buflen)
                                              ^
/usr/include/unistd.h:832:29: error: ‘size_t’ has not been declared
     char *__restrict __buf, size_t __len)
                             ^
/usr/include/unistd.h:843:31: error: ‘size_t’ has not been declared
       char *__restrict __buf, size_t __len)
                               ^
/usr/include/unistd.h:879:38: error: ‘size_t’ has not been declared
 extern int getlogin_r (char *__name, size_t __name_len) __nonnull ((1));
                                      ^
In file included from /usr/local/root-5.34.36/include/strlcpy.h:21:0,
                 from /usr/local/root-5.34.36/include/Rtypes.h:36,
                 from /usr/local/root-5.34.36/include/TMathBase.h:30,
                 from /usr/local/root-5.34.36/include/TString.h:36,
                 from ./include/Processor.h:5,
                 from ./include/HistoManager.h:5,
                 from ./include/Analysis.h:3,
                 from Analysis.cc:12:
/usr/include/unistd.h:901:39: error: ‘size_t’ has not been declared
 extern int gethostname (char *__name, size_t __len) __THROW __nonnull ((1));
                                       ^
/usr/include/unistd.h:908:45: error: ‘size_t’ has not been declared
 extern int sethostname (const char *__name, size_t __len)
                                             ^
/usr/include/unistd.h:919:41: error: ‘size_t’ has not been declared
 extern int getdomainname (char *__name, size_t __len)
                                         ^
/usr/include/unistd.h:921:47: error: ‘size_t’ has not been declared
 extern int setdomainname (const char *__name, size_t __len)
                                               ^
/usr/include/unistd.h:939:57: error: ‘size_t’ has not been declared
 extern int profil (unsigned short int *__sample_buffer, size_t __size,
                                                         ^
/usr/include/unistd.h:940:6: error: ‘size_t’ has not been declared
      size_t __offset, unsigned int __scale)
      ^
In file included from /usr/local/root-5.34.36/include/Rtypes.h:36:0,
                 from /usr/local/root-5.34.36/include/TMathBase.h:30,
                 from /usr/local/root-5.34.36/include/TString.h:36,
                 from ./include/Processor.h:5,
                 from ./include/HistoManager.h:5,
                 from ./include/Analysis.h:3,
                 from Analysis.cc:12:
/usr/local/root-5.34.36/include/strlcpy.h:30:1: error: ‘size_t’ does not name a type
 size_t strlcpy(char *dst, const char *src, size_t siz);
 ^
/usr/local/root-5.34.36/include/strlcpy.h:31:1: error: ‘size_t’ does not name a type
 size_t strlcat(char *dst, const char *src, size_t siz);
 ^
In file included from /usr/local/root-5.34.36/include/TMathBase.h:30:0,
                 from /usr/local/root-5.34.36/include/TString.h:36,
                 from ./include/Processor.h:5,
                 from ./include/HistoManager.h:5,
                 from ./include/Analysis.h:3,
                 from Analysis.cc:12:
/usr/local/root-5.34.36/include/Rtypes.h:160:7: error: ‘size_t’ does not name a type
 const size_t    kBitsPerByte = 8;
       ^
In file included from /usr/include/c++/4.8.2/string:40:0,
                 from /usr/local/root-5.34.36/include/TSchemaHelper.h:25,
                 from /usr/local/root-5.34.36/include/TGenericClassInfo.h:17,
                 from /usr/local/root-5.34.36/include/Rtypes.h:270,
                 from /usr/local/root-5.34.36/include/TMathBase.h:30,
                 from /usr/local/root-5.34.36/include/TString.h:36,
                 from ./include/Processor.h:5,
                 from ./include/HistoManager.h:5,
                 from ./include/Analysis.h:3,
                 from Analysis.cc:12:
/usr/include/c++/4.8.2/bits/char_traits.h: In static member function ‘static std::size_t std::char_traits<wchar_t>::length(const char_type*)’:
/usr/include/c++/4.8.2/bits/char_traits.h:330:26: error: ‘wcslen’ was not declared in this scope
       { return wcslen(__s); }
                          ^
In file included from /usr/include/c++/4.8.2/clocale:42:0,
                 from /usr/include/c++/4.8.2/x86_64-redhat-linux/bits/c++locale.h:41,
                 from /usr/include/c++/4.8.2/bits/localefwd.h:40,
                 from /usr/include/c++/4.8.2/string:43,
                 from /usr/local/root-5.34.36/include/TSchemaHelper.h:25,
                 from /usr/local/root-5.34.36/include/TGenericClassInfo.h:17,
                 from /usr/local/root-5.34.36/include/Rtypes.h:270,
                 from /usr/local/root-5.34.36/include/TMathBase.h:30,
                 from /usr/local/root-5.34.36/include/TString.h:36,
                 from ./include/Processor.h:5,
                 from ./include/HistoManager.h:5,
                 from ./include/Analysis.h:3,
                 from Analysis.cc:12:
/usr/include/locale.h: At global scope:
/usr/include/locale.h:152:8: error: ‘__locale_t’ does not name a type
 extern __locale_t newlocale (int __category_mask, const char *__locale,
        ^
/usr/include/locale.h:187:8: error: ‘__locale_t’ does not name a type
 extern __locale_t duplocale (__locale_t __dataset) __THROW;
        ^
/usr/include/locale.h:191:25: error: variable or field ‘freelocale’ declared void
 extern void freelocale (__locale_t __dataset) __THROW;
                         ^
/usr/include/locale.h:191:25: error: ‘__locale_t’ was not declared in this scope
/usr/include/locale.h:198:8: error: ‘__locale_t’ does not name a type
 extern __locale_t uselocale (__locale_t __dataset) __THROW;
        ^
In file included from /usr/include/c++/4.8.2/bits/localefwd.h:40:0,
                 from /usr/include/c++/4.8.2/string:43,
                 from /usr/local/root-5.34.36/include/TSchemaHelper.h:25,
                 from /usr/local/root-5.34.36/include/TGenericClassInfo.h:17,
                 from /usr/local/root-5.34.36/include/Rtypes.h:270,
                 from /usr/local/root-5.34.36/include/TMathBase.h:30,
                 from /usr/local/root-5.34.36/include/TString.h:36,
                 from ./include/Processor.h:5,
                 from ./include/HistoManager.h:5,
                 from ./include/Analysis.h:3,
                 from Analysis.cc:12:
/usr/include/c++/4.8.2/x86_64-redhat-linux/bits/c++locale.h:52:23: error: ‘uselocale’ was not declared in this scope
   extern "C" __typeof(uselocale) __uselocale;
                       ^
/usr/include/c++/4.8.2/x86_64-redhat-linux/bits/c++locale.h:52:45: error: invalid type in declaration before ‘;’ token
   extern "C" __typeof(uselocale) __uselocale;
                                             ^
/usr/include/c++/4.8.2/x86_64-redhat-linux/bits/c++locale.h:62:11: error: ‘__locale_t’ does not name a type
   typedef __locale_t  __c_locale;
           ^
/usr/include/c++/4.8.2/x86_64-redhat-linux/bits/c++locale.h:69:26: error: ‘__c_locale’ does not name a type
   __convert_from_v(const __c_locale& __cloc __attribute__ ((__unused__)),
                          ^
/usr/include/c++/4.8.2/x86_64-redhat-linux/bits/c++locale.h: In function ‘int std::__convert_from_v(const int&, char*, int, const char*, ...)’:
/usr/include/c++/4.8.2/x86_64-redhat-linux/bits/c++locale.h:75:5: error: ‘__c_locale’ was not declared in this scope
     __c_locale __old = __gnu_cxx::__uselocale(__cloc);
     ^
/usr/include/c++/4.8.2/x86_64-redhat-linux/bits/c++locale.h:75:16: error: expected ‘;’ before ‘__old’
     __c_locale __old = __gnu_cxx::__uselocale(__cloc);
                ^
/usr/include/c++/4.8.2/x86_64-redhat-linux/bits/c++locale.h:100:28: error: ‘__old’ was not declared in this scope
     __gnu_cxx::__uselocale(__old);
                            ^
/usr/include/c++/4.8.2/x86_64-redhat-linux/bits/c++locale.h:100:33: error: ‘__gnu_cxx::__uselocale’ cannot be used as a function
     __gnu_cxx::__uselocale(__old);
                                 ^
In file included from /usr/include/c++/4.8.2/cctype:42:0,
                 from /usr/include/c++/4.8.2/bits/localefwd.h:42,
                 from /usr/include/c++/4.8.2/string:43,
                 from /usr/local/root-5.34.36/include/TSchemaHelper.h:25,
                 from /usr/local/root-5.34.36/include/TGenericClassInfo.h:17,
                 from /usr/local/root-5.34.36/include/Rtypes.h:270,
                 from /usr/local/root-5.34.36/include/TMathBase.h:30,
                 from /usr/local/root-5.34.36/include/TString.h:36,
                 from ./include/Processor.h:5,
                 from ./include/HistoManager.h:5,
                 from ./include/Analysis.h:3,
                 from Analysis.cc:12:
/usr/include/ctype.h: At global scope:
/usr/include/ctype.h:272:1: error: ‘__locale_t’ has not been declared
 __exctype_l (isalnum_l);
 ^
/usr/include/ctype.h:273:1: error: ‘__locale_t’ has not been declared
 __exctype_l (isalpha_l);
 ^
/usr/include/ctype.h:274:1: error: ‘__locale_t’ has not been declared
 __exctype_l (iscntrl_l);
 ^
/usr/include/ctype.h:275:1: error: ‘__locale_t’ has not been declared
 __exctype_l (isdigit_l);
 ^
/usr/include/ctype.h:276:1: error: ‘__locale_t’ has not been declared
 __exctype_l (islower_l);
 ^
/usr/include/ctype.h:277:1: error: ‘__locale_t’ has not been declared
 __exctype_l (isgraph_l);
 ^
/usr/include/ctype.h:278:1: error: ‘__locale_t’ has not been declared
 __exctype_l (isprint_l);
 ^
/usr/include/ctype.h:279:1: error: ‘__locale_t’ has not been declared
 __exctype_l (ispunct_l);
 ^
/usr/include/ctype.h:280:1: error: ‘__locale_t’ has not been declared
 __exctype_l (isspace_l);
 ^
/usr/include/ctype.h:281:1: error: ‘__locale_t’ has not been declared
 __exctype_l (isupper_l);
 ^
/usr/include/ctype.h:282:1: error: ‘__locale_t’ has not been declared
 __exctype_l (isxdigit_l);
 ^
/usr/include/ctype.h:284:1: error: ‘__locale_t’ has not been declared
 __exctype_l (isblank_l);
 ^
/usr/include/ctype.h:288:34: error: ‘__locale_t’ has not been declared
 extern int __tolower_l (int __c, __locale_t __l) __THROW;
                                  ^
/usr/include/ctype.h:289:32: error: ‘__locale_t’ has not been declared
 extern int tolower_l (int __c, __locale_t __l) __THROW;
                                ^
/usr/include/ctype.h:292:34: error: ‘__locale_t’ has not been declared
 extern int __toupper_l (int __c, __locale_t __l) __THROW;
                                  ^
/usr/include/ctype.h:293:32: error: ‘__locale_t’ has not been declared
 extern int toupper_l (int __c, __locale_t __l) __THROW;
                                ^
In file included from /usr/include/sched.h:42:0,
                 from /usr/include/pthread.h:23,
                 from /usr/include/c++/4.8.2/x86_64-redhat-linux/bits/gthr-default.h:35,
                 from /usr/include/c++/4.8.2/x86_64-redhat-linux/bits/gthr.h:148,
                 from /usr/include/c++/4.8.2/ext/atomicity.h:35,
                 from /usr/include/c++/4.8.2/bits/basic_string.h:39,
                 from /usr/include/c++/4.8.2/string:52,
                 from /usr/local/root-5.34.36/include/TSchemaHelper.h:25,
                 from /usr/local/root-5.34.36/include/TGenericClassInfo.h:17,
                 from /usr/local/root-5.34.36/include/Rtypes.h:270,
                 from /usr/local/root-5.34.36/include/TMathBase.h:30,
                 from /usr/local/root-5.34.36/include/TString.h:36,
                 from ./include/Processor.h:5,
                 from ./include/HistoManager.h:5,
                 from ./include/Analysis.h:3,
                 from Analysis.cc:12:
/usr/include/bits/sched.h:204:30: error: ‘size_t’ was not declared in this scope
 extern int __sched_cpucount (size_t __setsize, const cpu_set_t *__setp)
                              ^
/usr/include/bits/sched.h:204:30: note: suggested alternatives:
In file included from /usr/include/c++/4.8.2/iosfwd:38:0,
                 from /usr/local/root-5.34.36/include/Riosfwd.h:33,
                 from /usr/local/root-5.34.36/include/TString.h:32,
                 from ./include/Processor.h:5,
                 from ./include/HistoManager.h:5,
                 from ./include/Analysis.h:3,
                 from Analysis.cc:12:
/usr/include/c++/4.8.2/x86_64-redhat-linux/bits/c++config.h:1857:26: note:   ‘std::size_t’
   typedef __SIZE_TYPE__  size_t;
                          ^
/usr/include/c++/4.8.2/x86_64-redhat-linux/bits/c++config.h:1857:26: note:   ‘std::size_t’
In file included from /usr/include/sched.h:42:0,
                 from /usr/include/pthread.h:23,
                 from /usr/include/c++/4.8.2/x86_64-redhat-linux/bits/gthr-default.h:35,
                 from /usr/include/c++/4.8.2/x86_64-redhat-linux/bits/gthr.h:148,
                 from /usr/include/c++/4.8.2/ext/atomicity.h:35,
                 from /usr/include/c++/4.8.2/bits/basic_string.h:39,
                 from /usr/include/c++/4.8.2/string:52,
                 from /usr/local/root-5.34.36/include/TSchemaHelper.h:25,
                 from /usr/local/root-5.34.36/include/TGenericClassInfo.h:17,
                 from /usr/local/root-5.34.36/include/Rtypes.h:270,
                 from /usr/local/root-5.34.36/include/TMathBase.h:30,
                 from /usr/local/root-5.34.36/include/TString.h:36,
                 from ./include/Processor.h:5,
                 from ./include/HistoManager.h:5,
                 from ./include/Analysis.h:3,
                 from Analysis.cc:12:
/usr/include/bits/sched.h:204:48: error: expected primary-expression before ‘const’
 extern int __sched_cpucount (size_t __setsize, const cpu_set_t *__setp)
                                                ^
/usr/include/bits/sched.h:204:71: error: expression list treated as compound expression in initializer [-fpermissive]
 extern int __sched_cpucount (size_t __setsize, const cpu_set_t *__setp)
                                                                       ^
In file included from /usr/include/features.h:375:0,
                 from /usr/include/string.h:25,
                 from /usr/local/root-5.34.36/include/TString.h:27,
                 from ./include/Processor.h:5,
                 from ./include/HistoManager.h:5,
                 from ./include/Analysis.h:3,
                 from Analysis.cc:12:
/usr/include/bits/sched.h:205:3: error: expected ‘,’ or ‘;’ before ‘throw’
   __THROW;
   ^
In file included from /usr/include/sched.h:42:0,
                 from /usr/include/pthread.h:23,
                 from /usr/include/c++/4.8.2/x86_64-redhat-linux/bits/gthr-default.h:35,
                 from /usr/include/c++/4.8.2/x86_64-redhat-linux/bits/gthr.h:148,
                 from /usr/include/c++/4.8.2/ext/atomicity.h:35,
                 from /usr/include/c++/4.8.2/bits/basic_string.h:39,
                 from /usr/include/c++/4.8.2/string:52,
                 from /usr/local/root-5.34.36/include/TSchemaHelper.h:25,
                 from /usr/local/root-5.34.36/include/TGenericClassInfo.h:17,
                 from /usr/local/root-5.34.36/include/Rtypes.h:270,
                 from /usr/local/root-5.34.36/include/TMathBase.h:30,
                 from /usr/local/root-5.34.36/include/TString.h:36,
                 from ./include/Processor.h:5,
                 from ./include/HistoManager.h:5,
                 from ./include/Analysis.h:3,
                 from Analysis.cc:12:
/usr/include/bits/sched.h:206:37: error: ‘size_t’ was not declared in this scope
 extern cpu_set_t *__sched_cpualloc (size_t __count) __THROW __wur;
                                     ^
/usr/include/bits/sched.h:206:37: note: suggested alternatives:
In file included from /usr/include/c++/4.8.2/iosfwd:38:0,
                 from /usr/local/root-5.34.36/include/Riosfwd.h:33,
                 from /usr/local/root-5.34.36/include/TString.h:32,
                 from ./include/Processor.h:5,
                 from ./include/HistoManager.h:5,
                 from ./include/Analysis.h:3,
                 from Analysis.cc:12:
/usr/include/c++/4.8.2/x86_64-redhat-linux/bits/c++config.h:1857:26: note:   ‘std::size_t’
   typedef __SIZE_TYPE__  size_t;
                          ^
/usr/include/c++/4.8.2/x86_64-redhat-linux/bits/c++config.h:1857:26: note:   ‘std::size_t’
In file included from /usr/include/features.h:375:0,
                 from /usr/include/string.h:25,
                 from /usr/local/root-5.34.36/include/TString.h:27,
                 from ./include/Processor.h:5,
                 from ./include/HistoManager.h:5,
                 from ./include/Analysis.h:3,
                 from Analysis.cc:12:
/usr/include/bits/sched.h:206:53: error: expected ‘,’ or ‘;’ before ‘throw’
 extern cpu_set_t *__sched_cpualloc (size_t __count) __THROW __wur;
                                                     ^
In file included from /usr/include/pthread.h:23:0,
                 from /usr/include/c++/4.8.2/x86_64-redhat-linux/bits/gthr-default.h:35,
                 from /usr/include/c++/4.8.2/x86_64-redhat-linux/bits/gthr.h:148,
                 from /usr/include/c++/4.8.2/ext/atomicity.h:35,
                 from /usr/include/c++/4.8.2/bits/basic_string.h:39,
                 from /usr/include/c++/4.8.2/string:52,
                 from /usr/local/root-5.34.36/include/TSchemaHelper.h:25,
                 from /usr/local/root-5.34.36/include/TGenericClassInfo.h:17,
                 from /usr/local/root-5.34.36/include/Rtypes.h:270,
                 from /usr/local/root-5.34.36/include/TMathBase.h:30,
                 from /usr/local/root-5.34.36/include/TString.h:36,
                 from ./include/Processor.h:5,
                 from ./include/HistoManager.h:5,
                 from ./include/Analysis.h:3,
                 from Analysis.cc:12:
/usr/include/sched.h:117:46: error: ‘size_t’ has not been declared
 extern int sched_setaffinity (__pid_t __pid, size_t __cpusetsize,
                                              ^
/usr/include/sched.h:121:46: error: ‘size_t’ has not been declared
 extern int sched_getaffinity (__pid_t __pid, size_t __cpusetsize,
                                              ^
In file included from /usr/include/pthread.h:24:0,
                 from /usr/include/c++/4.8.2/x86_64-redhat-linux/bits/gthr-default.h:35,
                 from /usr/include/c++/4.8.2/x86_64-redhat-linux/bits/gthr.h:148,
                 from /usr/include/c++/4.8.2/ext/atomicity.h:35,
                 from /usr/include/c++/4.8.2/bits/basic_string.h:39,
                 from /usr/include/c++/4.8.2/string:52,
                 from /usr/local/root-5.34.36/include/TSchemaHelper.h:25,
                 from /usr/local/root-5.34.36/include/TGenericClassInfo.h:17,
                 from /usr/local/root-5.34.36/include/Rtypes.h:270,
                 from /usr/local/root-5.34.36/include/TMathBase.h:30,
                 from /usr/local/root-5.34.36/include/TString.h:36,
                 from ./include/Processor.h:5,
                 from ./include/HistoManager.h:5,
                 from ./include/Analysis.h:3,
                 from Analysis.cc:12:
/usr/include/time.h:205:8: error: ‘size_t’ does not name a type
 extern size_t strftime (char *__restrict __s, size_t __maxsize,
        ^
/usr/include/time.h:223:8: error: ‘size_t’ does not name a type
 extern size_t strftime_l (char *__restrict __s, size_t __maxsize,
        ^
/usr/include/time.h:232:5: error: ‘__locale_t’ has not been declared
     __locale_t __loc) __THROW;
     ^
In file included from /usr/include/c++/4.8.2/x86_64-redhat-linux/bits/gthr-default.h:35:0,
                 from /usr/include/c++/4.8.2/x86_64-redhat-linux/bits/gthr.h:148,
                 from /usr/include/c++/4.8.2/ext/atomicity.h:35,
                 from /usr/include/c++/4.8.2/bits/basic_string.h:39,
                 from /usr/include/c++/4.8.2/string:52,
                 from /usr/local/root-5.34.36/include/TSchemaHelper.h:25,
                 from /usr/local/root-5.34.36/include/TGenericClassInfo.h:17,
                 from /usr/local/root-5.34.36/include/Rtypes.h:270,
                 from /usr/local/root-5.34.36/include/TMathBase.h:30,
                 from /usr/local/root-5.34.36/include/TString.h:36,
                 from ./include/Processor.h:5,
                 from ./include/HistoManager.h:5,
                 from ./include/Analysis.h:3,
                 from Analysis.cc:12:
/usr/include/pthread.h:305:11: error: ‘size_t’ has not been declared
           size_t *__guardsize)
           ^
/usr/include/pthread.h:310:11: error: ‘size_t’ has not been declared
           size_t __guardsize)
           ^
/usr/include/pthread.h:368:19: error: ‘size_t’ has not been declared
           __attr, size_t *__restrict __stacksize)
                   ^
/usr/include/pthread.h:375:11: error: ‘size_t’ has not been declared
           size_t __stacksize)
           ^
/usr/include/pthread.h:382:7: error: ‘size_t’ has not been declared
       size_t *__restrict __stacksize)
       ^
/usr/include/pthread.h:389:7: error: ‘size_t’ has not been declared
       size_t __stacksize) __THROW __nonnull ((1));
       ^
/usr/include/pthread.h:396:6: error: ‘size_t’ has not been declared
      size_t __cpusetsize,
      ^
/usr/include/pthread.h:403:6: error: ‘size_t’ has not been declared
      size_t __cpusetsize,
      ^
/usr/include/pthread.h:438:11: error: ‘size_t’ has not been declared
           size_t __buflen)
           ^
/usr/include/pthread.h:465:52: error: ‘size_t’ has not been declared
 extern int pthread_setaffinity_np (pthread_t __th, size_t __cpusetsize,
                                                    ^
/usr/include/pthread.h:470:52: error: ‘size_t’ has not been declared
 extern int pthread_getaffinity_np (pthread_t __th, size_t __cpusetsize,
                                                    ^
In file included from /usr/include/c++/4.8.2/cstdlib:72:0,
                 from /usr/local/root-5.34.36/include/TMathBase.h:33,
                 from /usr/local/root-5.34.36/include/TString.h:36,
                 from ./include/Processor.h:5,
                 from ./include/HistoManager.h:5,
                 from ./include/Analysis.h:3,
                 from Analysis.cc:12:
/usr/include/stdlib.h:139:8: error: ‘size_t’ does not name a type
 extern size_t __ctype_get_mb_cur_max (void) __THROW __wur;
        ^
/usr/include/stdlib.h:241:6: error: ‘__locale_t’ has not been declared
      __locale_t __loc) __THROW __nonnull ((1, 4));
      ^
In file included from /usr/include/features.h:375:0,
                 from /usr/include/string.h:25,
                 from /usr/local/root-5.34.36/include/TString.h:27,
                 from ./include/Processor.h:5,
                 from ./include/HistoManager.h:5,
                 from ./include/Analysis.h:3,
                 from Analysis.cc:12:
/usr/include/stdlib.h:241:32: error: nonnull argument references non-pointer operand (argument 1, operand 4)
      __locale_t __loc) __THROW __nonnull ((1, 4));
                                ^
In file included from /usr/include/c++/4.8.2/cstdlib:72:0,
                 from /usr/local/root-5.34.36/include/TMathBase.h:33,
                 from /usr/local/root-5.34.36/include/TString.h:36,
                 from ./include/Processor.h:5,
                 from ./include/HistoManager.h:5,
                 from ./include/Analysis.h:3,
                 from Analysis.cc:12:
/usr/include/stdlib.h:245:21: error: ‘__locale_t’ has not been declared
         int __base, __locale_t __loc)
                     ^
In file included from /usr/include/features.h:375:0,
                 from /usr/include/string.h:25,
                 from /usr/local/root-5.34.36/include/TString.h:27,
                 from ./include/Processor.h:5,
                 from ./include/HistoManager.h:5,
                 from ./include/Analysis.h:3,
                 from Analysis.cc:12:
/usr/include/stdlib.h:246:14: error: nonnull argument references non-pointer operand (argument 1, operand 4)
      __THROW __nonnull ((1, 4));
              ^
In file included from /usr/include/c++/4.8.2/cstdlib:72:0,
                 from /usr/local/root-5.34.36/include/TMathBase.h:33,
                 from /usr/local/root-5.34.36/include/TString.h:36,
                 from ./include/Processor.h:5,
                 from ./include/HistoManager.h:5,
                 from ./include/Analysis.h:3,
                 from Analysis.cc:12:
/usr/include/stdlib.h:251:5: error: ‘__locale_t’ has not been declared
     __locale_t __loc)
     ^
In file included from /usr/include/features.h:375:0,
                 from /usr/include/string.h:25,
                 from /usr/local/root-5.34.36/include/TString.h:27,
                 from ./include/Processor.h:5,
                 from ./include/HistoManager.h:5,
                 from ./include/Analysis.h:3,
                 from Analysis.cc:12:
/usr/include/stdlib.h:252:14: error: nonnull argument references non-pointer operand (argument 1, operand 4)
      __THROW __nonnull ((1, 4));
              ^
In file included from /usr/include/c++/4.8.2/cstdlib:72:0,
                 from /usr/local/root-5.34.36/include/TMathBase.h:33,
                 from /usr/local/root-5.34.36/include/TString.h:36,
                 from ./include/Processor.h:5,
                 from ./include/HistoManager.h:5,
                 from ./include/Analysis.h:3,
                 from Analysis.cc:12:
/usr/include/stdlib.h:257:20: error: ‘__locale_t’ has not been declared
        int __base, __locale_t __loc)
                    ^
In file included from /usr/include/features.h:375:0,
                 from /usr/include/string.h:25,
                 from /usr/local/root-5.34.36/include/TString.h:27,
                 from ./include/Processor.h:5,
                 from ./include/HistoManager.h:5,
                 from ./include/Analysis.h:3,
                 from Analysis.cc:12:
/usr/include/stdlib.h:258:14: error: nonnull argument references non-pointer operand (argument 1, operand 4)
      __THROW __nonnull ((1, 4));
              ^
In file included from /usr/include/c++/4.8.2/cstdlib:72:0,
                 from /usr/local/root-5.34.36/include/TMathBase.h:33,
                 from /usr/local/root-5.34.36/include/TString.h:36,
                 from ./include/Processor.h:5,
                 from ./include/HistoManager.h:5,
                 from ./include/Analysis.h:3,
                 from Analysis.cc:12:
/usr/include/stdlib.h:261:32: error: ‘__locale_t’ has not been declared
    char **__restrict __endptr, __locale_t __loc)
                                ^
In file included from /usr/include/features.h:375:0,
                 from /usr/include/string.h:25,
                 from /usr/local/root-5.34.36/include/TString.h:27,
                 from ./include/Processor.h:5,
                 from ./include/HistoManager.h:5,
                 from ./include/Analysis.h:3,
                 from Analysis.cc:12:
/usr/include/stdlib.h:262:14: error: nonnull argument references non-pointer operand (argument 1, operand 3)
      __THROW __nonnull ((1, 3));
              ^
In file included from /usr/include/c++/4.8.2/cstdlib:72:0,
                 from /usr/local/root-5.34.36/include/TMathBase.h:33,
                 from /usr/local/root-5.34.36/include/TString.h:36,
                 from ./include/Processor.h:5,
                 from ./include/HistoManager.h:5,
                 from ./include/Analysis.h:3,
                 from Analysis.cc:12:
/usr/include/stdlib.h:265:38: error: ‘__locale_t’ has not been declared
          char **__restrict __endptr, __locale_t __loc)
                                      ^
In file included from /usr/include/features.h:375:0,
                 from /usr/include/string.h:25,
                 from /usr/local/root-5.34.36/include/TString.h:27,
                 from ./include/Processor.h:5,
                 from ./include/HistoManager.h:5,
                 from ./include/Analysis.h:3,
                 from Analysis.cc:12:
/usr/include/stdlib.h:266:14: error: nonnull argument references non-pointer operand (argument 1, operand 3)
      __THROW __nonnull ((1, 3));
              ^
In file included from /usr/include/c++/4.8.2/cstdlib:72:0,
                 from /usr/local/root-5.34.36/include/TMathBase.h:33,
                 from /usr/local/root-5.34.36/include/TString.h:36,
                 from ./include/Processor.h:5,
                 from ./include/HistoManager.h:5,
                 from ./include/Analysis.h:3,
                 from Analysis.cc:12:
/usr/include/stdlib.h:270:10: error: ‘__locale_t’ has not been declared
          __locale_t __loc)
          ^
In file included from /usr/include/features.h:375:0,
                 from /usr/include/string.h:25,
                 from /usr/local/root-5.34.36/include/TString.h:27,
                 from ./include/Processor.h:5,
                 from ./include/HistoManager.h:5,
                 from ./include/Analysis.h:3,
                 from Analysis.cc:12:
/usr/include/stdlib.h:271:14: error: nonnull argument references non-pointer operand (argument 1, operand 3)
      __THROW __nonnull ((1, 3));
              ^
In file included from /usr/include/c++/4.8.2/cstdlib:72:0,
                 from /usr/local/root-5.34.36/include/TMathBase.h:33,
                 from /usr/local/root-5.34.36/include/TString.h:36,
                 from ./include/Processor.h:5,
                 from ./include/HistoManager.h:5,
                 from ./include/Analysis.h:3,
                 from Analysis.cc:12:
/usr/include/stdlib.h:331:4: error: ‘size_t’ has not been declared
    size_t __statelen) __THROW __nonnull ((2));
    ^
/usr/include/stdlib.h:361:4: error: ‘size_t’ has not been declared
    size_t __statelen,
    ^
/usr/include/stdlib.h:465:22: error: ‘size_t’ was not declared in this scope
 extern void *malloc (size_t __size) __THROW __attribute_malloc__ __wur;
                      ^
/usr/include/stdlib.h:465:22: note: suggested alternatives:
In file included from /usr/include/c++/4.8.2/iosfwd:38:0,
                 from /usr/local/root-5.34.36/include/Riosfwd.h:33,
                 from /usr/local/root-5.34.36/include/TString.h:32,
                 from ./include/Processor.h:5,
                 from ./include/HistoManager.h:5,
                 from ./include/Analysis.h:3,
                 from Analysis.cc:12:
/usr/include/c++/4.8.2/x86_64-redhat-linux/bits/c++config.h:1857:26: note:   ‘std::size_t’
   typedef __SIZE_TYPE__  size_t;
                          ^
/usr/include/c++/4.8.2/x86_64-redhat-linux/bits/c++config.h:1857:26: note:   ‘std::size_t’
In file included from /usr/include/features.h:375:0,
                 from /usr/include/string.h:25,
                 from /usr/local/root-5.34.36/include/TString.h:27,
                 from ./include/Processor.h:5,
                 from ./include/HistoManager.h:5,
                 from ./include/Analysis.h:3,
                 from Analysis.cc:12:
/usr/include/stdlib.h:465:37: error: expected ‘,’ or ‘;’ before ‘throw’
 extern void *malloc (size_t __size) __THROW __attribute_malloc__ __wur;
                                     ^
In file included from /usr/include/c++/4.8.2/cstdlib:72:0,
                 from /usr/local/root-5.34.36/include/TMathBase.h:33,
                 from /usr/local/root-5.34.36/include/TString.h:36,
                 from ./include/Processor.h:5,
                 from ./include/HistoManager.h:5,
                 from ./include/Analysis.h:3,
                 from Analysis.cc:12:
/usr/include/stdlib.h:467:22: error: ‘size_t’ was not declared in this scope
 extern void *calloc (size_t __nmemb, size_t __size)
                      ^
/usr/include/stdlib.h:467:22: note: suggested alternatives:
In file included from /usr/include/c++/4.8.2/iosfwd:38:0,
                 from /usr/local/root-5.34.36/include/Riosfwd.h:33,
                 from /usr/local/root-5.34.36/include/TString.h:32,
                 from ./include/Processor.h:5,
                 from ./include/HistoManager.h:5,
                 from ./include/Analysis.h:3,
                 from Analysis.cc:12:
/usr/include/c++/4.8.2/x86_64-redhat-linux/bits/c++config.h:1857:26: note:   ‘std::size_t’
   typedef __SIZE_TYPE__  size_t;
                          ^
/usr/include/c++/4.8.2/x86_64-redhat-linux/bits/c++config.h:1857:26: note:   ‘std::size_t’
In file included from /usr/include/c++/4.8.2/cstdlib:72:0,
                 from /usr/local/root-5.34.36/include/TMathBase.h:33,
                 from /usr/local/root-5.34.36/include/TString.h:36,
                 from ./include/Processor.h:5,
                 from ./include/HistoManager.h:5,
                 from ./include/Analysis.h:3,
                 from Analysis.cc:12:
/usr/include/stdlib.h:467:38: error: ‘size_t’ was not declared in this scope
 extern void *calloc (size_t __nmemb, size_t __size)
                                      ^
/usr/include/stdlib.h:467:38: note: suggested alternatives:
In file included from /usr/include/c++/4.8.2/iosfwd:38:0,
                 from /usr/local/root-5.34.36/include/Riosfwd.h:33,
                 from /usr/local/root-5.34.36/include/TString.h:32,
                 from ./include/Processor.h:5,
                 from ./include/HistoManager.h:5,
                 from ./include/Analysis.h:3,
                 from Analysis.cc:12:
/usr/include/c++/4.8.2/x86_64-redhat-linux/bits/c++config.h:1857:26: note:   ‘std::size_t’
   typedef __SIZE_TYPE__  size_t;
                          ^
/usr/include/c++/4.8.2/x86_64-redhat-linux/bits/c++config.h:1857:26: note:   ‘std::size_t’
In file included from /usr/include/c++/4.8.2/cstdlib:72:0,
                 from /usr/local/root-5.34.36/include/TMathBase.h:33,
                 from /usr/local/root-5.34.36/include/TString.h:36,
                 from ./include/Processor.h:5,
                 from ./include/HistoManager.h:5,
                 from ./include/Analysis.h:3,
                 from Analysis.cc:12:
/usr/include/stdlib.h:467:51: error: expression list treated as compound expression in initializer [-fpermissive]
 extern void *calloc (size_t __nmemb, size_t __size)
                                                   ^
In file included from /usr/include/features.h:375:0,
                 from /usr/include/string.h:25,
                 from /usr/local/root-5.34.36/include/TString.h:27,
                 from ./include/Processor.h:5,
                 from ./include/HistoManager.h:5,
                 from ./include/Analysis.h:3,
                 from Analysis.cc:12:
/usr/include/stdlib.h:468:6: error: expected ‘,’ or ‘;’ before ‘throw’
      __THROW __attribute_malloc__ __wur;
      ^
In file included from /usr/include/c++/4.8.2/cstdlib:72:0,
                 from /usr/local/root-5.34.36/include/TMathBase.h:33,
                 from /usr/local/root-5.34.36/include/TString.h:36,
                 from ./include/Processor.h:5,
                 from ./include/HistoManager.h:5,
                 from ./include/Analysis.h:3,
                 from Analysis.cc:12:
/usr/include/stdlib.h:479:36: error: ‘size_t’ has not been declared
 extern void *realloc (void *__ptr, size_t __size)
                                    ^
In file included from /usr/include/stdlib.h:491:0,
                 from /usr/include/c++/4.8.2/cstdlib:72,
                 from /usr/local/root-5.34.36/include/TMathBase.h:33,
                 from /usr/local/root-5.34.36/include/TString.h:36,
                 from ./include/Processor.h:5,
                 from ./include/HistoManager.h:5,
                 from ./include/Analysis.h:3,
                 from Analysis.cc:12:
/usr/include/alloca.h:32:22: error: ‘size_t’ was not declared in this scope
 extern void *alloca (size_t __size) __THROW;
                      ^
/usr/include/alloca.h:32:22: note: suggested alternatives:
In file included from /usr/include/c++/4.8.2/iosfwd:38:0,
                 from /usr/local/root-5.34.36/include/Riosfwd.h:33,
                 from /usr/local/root-5.34.36/include/TString.h:32,
                 from ./include/Processor.h:5,
                 from ./include/HistoManager.h:5,
                 from ./include/Analysis.h:3,
                 from Analysis.cc:12:
/usr/include/c++/4.8.2/x86_64-redhat-linux/bits/c++config.h:1857:26: note:   ‘std::size_t’
   typedef __SIZE_TYPE__  size_t;
                          ^
/usr/include/c++/4.8.2/x86_64-redhat-linux/bits/c++config.h:1857:26: note:   ‘std::size_t’
In file included from /usr/include/features.h:375:0,
                 from /usr/include/string.h:25,
                 from /usr/local/root-5.34.36/include/TString.h:27,
                 from ./include/Processor.h:5,
                 from ./include/HistoManager.h:5,
                 from ./include/Analysis.h:3,
                 from Analysis.cc:12:
/usr/include/alloca.h:32:37: error: expected ‘,’ or ‘;’ before ‘throw’
 extern void *alloca (size_t __size) __THROW;
                                     ^
In file included from /usr/include/c++/4.8.2/cstdlib:72:0,
                 from /usr/local/root-5.34.36/include/TMathBase.h:33,
                 from /usr/local/root-5.34.36/include/TString.h:36,
                 from ./include/Processor.h:5,
                 from ./include/HistoManager.h:5,
                 from ./include/Analysis.h:3,
                 from Analysis.cc:12:
/usr/include/stdlib.h:497:22: error: ‘size_t’ was not declared in this scope
 extern void *valloc (size_t __size) __THROW __attribute_malloc__ __wur;
                      ^
/usr/include/stdlib.h:497:22: note: suggested alternatives:
In file included from /usr/include/c++/4.8.2/iosfwd:38:0,
                 from /usr/local/root-5.34.36/include/Riosfwd.h:33,
                 from /usr/local/root-5.34.36/include/TString.h:32,
                 from ./include/Processor.h:5,
                 from ./include/HistoManager.h:5,
                 from ./include/Analysis.h:3,
                 from Analysis.cc:12:
/usr/include/c++/4.8.2/x86_64-redhat-linux/bits/c++config.h:1857:26: note:   ‘std::size_t’
   typedef __SIZE_TYPE__  size_t;
                          ^
/usr/include/c++/4.8.2/x86_64-redhat-linux/bits/c++config.h:1857:26: note:   ‘std::size_t’
In file included from /usr/include/features.h:375:0,
                 from /usr/include/string.h:25,
                 from /usr/local/root-5.34.36/include/TString.h:27,
                 from ./include/Processor.h:5,
                 from ./include/HistoManager.h:5,
                 from ./include/Analysis.h:3,
                 from Analysis.cc:12:
/usr/include/stdlib.h:497:37: error: expected ‘,’ or ‘;’ before ‘throw’
 extern void *valloc (size_t __size) __THROW __attribute_malloc__ __wur;
                                     ^
In file included from /usr/include/c++/4.8.2/cstdlib:72:0,
                 from /usr/local/root-5.34.36/include/TMathBase.h:33,
                 from /usr/local/root-5.34.36/include/TString.h:36,
                 from ./include/Processor.h:5,
                 from ./include/HistoManager.h:5,
                 from ./include/Analysis.h:3,
                 from Analysis.cc:12:
/usr/include/stdlib.h:502:45: error: ‘size_t’ has not been declared
 extern int posix_memalign (void **__memptr, size_t __alignment, size_t __size)
                                             ^
/usr/include/stdlib.h:502:65: error: ‘size_t’ has not been declared
 extern int posix_memalign (void **__memptr, size_t __alignment, size_t __size)
                                                                 ^
/usr/include/stdlib.h:508:29: error: ‘size_t’ was not declared in this scope
 extern void *aligned_alloc (size_t __alignment, size_t __size)
                             ^
/usr/include/stdlib.h:508:29: note: suggested alternatives:
In file included from /usr/include/c++/4.8.2/iosfwd:38:0,
                 from /usr/local/root-5.34.36/include/Riosfwd.h:33,
                 from /usr/local/root-5.34.36/include/TString.h:32,
                 from ./include/Processor.h:5,
                 from ./include/HistoManager.h:5,
                 from ./include/Analysis.h:3,
                 from Analysis.cc:12:
/usr/include/c++/4.8.2/x86_64-redhat-linux/bits/c++config.h:1857:26: note:   ‘std::size_t’
   typedef __SIZE_TYPE__  size_t;
                          ^
/usr/include/c++/4.8.2/x86_64-redhat-linux/bits/c++config.h:1857:26: note:   ‘std::size_t’
In file included from /usr/include/c++/4.8.2/cstdlib:72:0,
                 from /usr/local/root-5.34.36/include/TMathBase.h:33,
                 from /usr/local/root-5.34.36/include/TString.h:36,
                 from ./include/Processor.h:5,
                 from ./include/HistoManager.h:5,
                 from ./include/Analysis.h:3,
                 from Analysis.cc:12:
/usr/include/stdlib.h:508:49: error: ‘size_t’ was not declared in this scope
 extern void *aligned_alloc (size_t __alignment, size_t __size)
                                                 ^
/usr/include/stdlib.h:508:49: note: suggested alternatives:
In file included from /usr/include/c++/4.8.2/iosfwd:38:0,
                 from /usr/local/root-5.34.36/include/Riosfwd.h:33,
                 from /usr/local/root-5.34.36/include/TString.h:32,
                 from ./include/Processor.h:5,
                 from ./include/HistoManager.h:5,
                 from ./include/Analysis.h:3,
                 from Analysis.cc:12:
/usr/include/c++/4.8.2/x86_64-redhat-linux/bits/c++config.h:1857:26: note:   ‘std::size_t’
   typedef __SIZE_TYPE__  size_t;
                          ^
/usr/include/c++/4.8.2/x86_64-redhat-linux/bits/c++config.h:1857:26: note:   ‘std::size_t’
In file included from /usr/include/c++/4.8.2/cstdlib:72:0,
                 from /usr/local/root-5.34.36/include/TMathBase.h:33,
                 from /usr/local/root-5.34.36/include/TString.h:36,
                 from ./include/Processor.h:5,
                 from ./include/HistoManager.h:5,
                 from ./include/Analysis.h:3,
                 from Analysis.cc:12:
/usr/include/stdlib.h:508:62: error: expression list treated as compound expression in initializer [-fpermissive]
 extern void *aligned_alloc (size_t __alignment, size_t __size)
                                                              ^
In file included from /usr/include/features.h:375:0,
                 from /usr/include/string.h:25,
                 from /usr/local/root-5.34.36/include/TString.h:27,
                 from ./include/Processor.h:5,
                 from ./include/HistoManager.h:5,
                 from ./include/Analysis.h:3,
                 from Analysis.cc:12:
/usr/include/stdlib.h:509:6: error: expected ‘,’ or ‘;’ before ‘throw’
      __THROW __wur __attribute__ ((__malloc__, __alloc_size__ (2)));
      ^
In file included from /usr/include/c++/4.8.2/cstdlib:72:0,
                 from /usr/local/root-5.34.36/include/TMathBase.h:33,
                 from /usr/local/root-5.34.36/include/TString.h:36,
                 from ./include/Processor.h:5,
                 from ./include/HistoManager.h:5,
                 from ./include/Analysis.h:3,
                 from Analysis.cc:12:
/usr/include/stdlib.h:755:9: error: ‘size_t’ has not been declared
         size_t __nmemb, size_t __size, __compar_fn_t __compar)
         ^
/usr/include/stdlib.h:755:25: error: ‘size_t’ has not been declared
         size_t __nmemb, size_t __size, __compar_fn_t __compar)
                         ^
/usr/include/stdlib.h:760:34: error: ‘size_t’ has not been declared
 extern void qsort (void *__base, size_t __nmemb, size_t __size,
                                  ^
/usr/include/stdlib.h:760:50: error: ‘size_t’ has not been declared
 extern void qsort (void *__base, size_t __nmemb, size_t __size,
                                                  ^
/usr/include/stdlib.h:763:36: error: ‘size_t’ has not been declared
 extern void qsort_r (void *__base, size_t __nmemb, size_t __size,
                                    ^
/usr/include/stdlib.h:763:52: error: ‘size_t’ has not been declared
 extern void qsort_r (void *__base, size_t __nmemb, size_t __size,
                                                    ^
/usr/include/stdlib.h:839:6: error: ‘size_t’ has not been declared
      size_t __len) __THROW __nonnull ((3, 4, 5));
      ^
/usr/include/stdlib.h:842:6: error: ‘size_t’ has not been declared
      size_t __len) __THROW __nonnull ((3, 4, 5));
      ^
/usr/include/stdlib.h:846:31: error: ‘size_t’ has not been declared
       char *__restrict __buf, size_t __len)
                               ^
/usr/include/stdlib.h:850:31: error: ‘size_t’ has not been declared
       char *__restrict __buf, size_t __len)
                               ^
/usr/include/stdlib.h:859:36: error: ‘size_t’ has not been declared
 extern int mblen (const char *__s, size_t __n) __THROW __wur;
                                    ^
/usr/include/stdlib.h:863:34: error: ‘size_t’ has not been declared
      const char *__restrict __s, size_t __n) __THROW __wur;
                                  ^
/usr/include/stdlib.h:870:8: error: ‘size_t’ does not name a type
 extern size_t mbstowcs (wchar_t *__restrict  __pwcs,
        ^
/usr/include/stdlib.h:873:8: error: ‘size_t’ does not name a type
 extern size_t wcstombs (char *__restrict __s,
        ^
/usr/include/stdlib.h:936:46: error: ‘size_t’ has not been declared
 extern int ptsname_r (int __fd, char *__buf, size_t __buflen)
                                              ^
In file included from /usr/local/root-5.34.36/include/TMathBase.h:33:0,
                 from /usr/local/root-5.34.36/include/TString.h:36,
                 from ./include/Processor.h:5,
                 from ./include/HistoManager.h:5,
                 from ./include/Analysis.h:3,
                 from Analysis.cc:12:
/usr/include/c++/4.8.2/cstdlib:143:11: error: ‘::mbstowcs’ has not been declared
   using ::mbstowcs;
           ^
/usr/include/c++/4.8.2/cstdlib:160:11: error: ‘::wcstombs’ has not been declared
   using ::wcstombs;
           ^
In file included from ./include/Processor.h:5:0,
                 from ./include/HistoManager.h:5,
                 from ./include/Analysis.h:3,
                 from Analysis.cc:12:
/usr/local/root-5.34.36/include/TString.h: In member function ‘TString& TString::Append(const char*)’:
/usr/local/root-5.34.36/include/TString.h:484:49: error: ‘strlen’ was not declared in this scope
 { return Replace(Length(), 0, cs, cs ? strlen(cs) : 0); }
                                                 ^
/usr/local/root-5.34.36/include/TString.h: In member function ‘TString& TString::operator+=(const char*)’:
/usr/local/root-5.34.36/include/TString.h:496:35: error: ‘strlen’ was not declared in this scope
 { return Append(cs, cs ? strlen(cs) : 0); }
                                   ^
/usr/local/root-5.34.36/include/TString.h: In member function ‘Bool_t TString::BeginsWith(const char*, TString::ECaseCompare) const’:
/usr/local/root-5.34.36/include/TString.h:550:31: error: ‘strlen’ was not declared in this scope
 { return Index(s, s ? strlen(s) : (Ssiz_t)0, (Ssiz_t)0, cmp) == 0; }
                               ^
/usr/local/root-5.34.36/include/TString.h: In member function ‘Bool_t TString::Contains(const char*, TString::ECaseCompare) const’:
/usr/local/root-5.34.36/include/TString.h:559:31: error: ‘strlen’ was not declared in this scope
 { return Index(s, s ? strlen(s) : 0, (Ssiz_t)0, cmp) != kNPOS; }
                               ^
/usr/local/root-5.34.36/include/TString.h: In member function ‘Ssiz_t TString::Index(const char*, Ssiz_t, TString::ECaseCompare) const’:
/usr/local/root-5.34.36/include/TString.h:574:31: error: ‘strlen’ was not declared in this scope
 { return Index(s, s ? strlen(s) : 0, i, cmp); }
                               ^
/usr/local/root-5.34.36/include/TString.h: In member function ‘TString& TString::Insert(Ssiz_t, const char*)’:
/usr/local/root-5.34.36/include/TString.h:584:44: error: ‘strlen’ was not declared in this scope
 { return Replace(pos, 0, cs, cs ? strlen(cs) : 0); }
                                            ^
/usr/local/root-5.34.36/include/TString.h: In member function ‘TString& TString::Prepend(const char*)’:
/usr/local/root-5.34.36/include/TString.h:596:42: error: ‘strlen’ was not declared in this scope
 { return Replace(0, 0, cs, cs ? strlen(cs) : 0); }
                                          ^
/usr/local/root-5.34.36/include/TString.h: In member function ‘TString& TString::Replace(Ssiz_t, Ssiz_t, const char*)’:
/usr/local/root-5.34.36/include/TString.h:617:44: error: ‘strlen’ was not declared in this scope
 { return Replace(pos, n, cs, cs ? strlen(cs) : 0); }
                                            ^
/usr/local/root-5.34.36/include/TString.h: In member function ‘TString& TString::ReplaceAll(const TString&, const char*)’:
/usr/local/root-5.34.36/include/TString.h:630:63: error: ‘strlen’ was not declared in this scope
 { return ReplaceAll(s1.Data(), s1.Length(), s2, s2 ? strlen(s2) : 0); }
                                                               ^
/usr/local/root-5.34.36/include/TString.h: In member function ‘TString& TString::ReplaceAll(const char*, const TString&)’:
/usr/local/root-5.34.36/include/TString.h:633:39: error: ‘strlen’ was not declared in this scope
 { return ReplaceAll(s1, s1 ? strlen(s1) : 0, s2.Data(), s2.Length()); }
                                       ^
/usr/local/root-5.34.36/include/TString.h: In member function ‘TString& TString::ReplaceAll(const char*, const char*)’:
/usr/local/root-5.34.36/include/TString.h:636:39: error: ‘strlen’ was not declared in this scope
 { return ReplaceAll(s1, s1 ? strlen(s1) : 0, s2, s2 ? strlen(s2) : 0); }
                                       ^
/usr/local/root-5.34.36/include/TString.h: In function ‘Bool_t operator==(const TString&, const TString&)’:
/usr/local/root-5.34.36/include/TString.h:684:54: error: ‘memcmp’ was not declared in this scope
             !memcmp(s1.Data(), s2.Data(), s1.Length()));
                                                      ^
In file included from /usr/local/root-5.34.36/include/TObject.h:34:0,
                 from /usr/local/root-5.34.36/include/TNamed.h:26,
                 from /usr/local/root-5.34.36/include/TAxis.h:25,
                 from /usr/local/root-5.34.36/include/TH1.h:25,
                 from /usr/local/root-5.34.36/include/TH1F.h:25,
                 from ./include/Processor.h:6,
                 from ./include/HistoManager.h:5,
                 from ./include/Analysis.h:3,
                 from Analysis.cc:12:
/usr/local/root-5.34.36/include/TStorage.h: At global scope:
/usr/local/root-5.34.36/include/TStorage.h:28:50: error: ‘size_t’ has not been declared
 typedef void (*FreeHookFun_t)(void*, void *addr, size_t);
                                                  ^
/usr/local/root-5.34.36/include/TStorage.h:29:38: error: ‘size_t’ has not been declared
 typedef void *(*ReAllocFun_t)(void*, size_t);
                                      ^
/usr/local/root-5.34.36/include/TStorage.h:30:39: error: ‘size_t’ has not been declared
 typedef void *(*ReAllocCFun_t)(void*, size_t, size_t);
                                       ^
/usr/local/root-5.34.36/include/TStorage.h:30:47: error: ‘size_t’ has not been declared
 typedef void *(*ReAllocCFun_t)(void*, size_t, size_t);
                                               ^
/usr/local/root-5.34.36/include/TStorage.h:31:42: error: ‘size_t’ has not been declared
 typedef char *(*ReAllocCharFun_t)(char*, size_t, size_t);
                                          ^
/usr/local/root-5.34.36/include/TStorage.h:31:50: error: ‘size_t’ has not been declared
 typedef char *(*ReAllocCharFun_t)(char*, size_t, size_t);
                                                  ^
/usr/local/root-5.34.36/include/TStorage.h:37:11: error: ‘size_t’ does not name a type
    static size_t         fgMaxBlockSize;       // largest block allocated
           ^
/usr/local/root-5.34.36/include/TStorage.h:53:11: error: ‘size_t’ does not name a type
    static size_t         GetMaxBlockSize();
           ^
/usr/local/root-5.34.36/include/TStorage.h:54:26: error: expected ‘;’ at end of member declaration
    static void          *Alloc(size_t size);
                          ^
/usr/local/root-5.34.36/include/TStorage.h:54:39: error: expected ‘)’ before ‘size’
    static void          *Alloc(size_t size);
                                       ^
/usr/local/root-5.34.36/include/TStorage.h:56:44: error: ‘size_t’ has not been declared
    static void          *ReAlloc(void *vp, size_t size);
                                            ^
/usr/local/root-5.34.36/include/TStorage.h:57:44: error: ‘size_t’ has not been declared
    static void          *ReAlloc(void *vp, size_t size, size_t oldsize);
                                            ^
/usr/local/root-5.34.36/include/TStorage.h:57:57: error: ‘size_t’ has not been declared
    static void          *ReAlloc(void *vp, size_t size, size_t oldsize);
                                                         ^
/usr/local/root-5.34.36/include/TStorage.h:58:48: error: ‘size_t’ has not been declared
    static char          *ReAllocChar(char *vp, size_t size, size_t oldsize);
                                                ^
/usr/local/root-5.34.36/include/TStorage.h:58:61: error: ‘size_t’ has not been declared
    static char          *ReAllocChar(char *vp, size_t size, size_t oldsize);
                                                             ^
/usr/local/root-5.34.36/include/TStorage.h:59:48: error: ‘size_t’ has not been declared
    static Int_t         *ReAllocInt(Int_t *vp, size_t size, size_t oldsize);
                                                ^
/usr/local/root-5.34.36/include/TStorage.h:59:61: error: ‘size_t’ has not been declared
    static Int_t         *ReAllocInt(Int_t *vp, size_t size, size_t oldsize);
                                                             ^
/usr/local/root-5.34.36/include/TStorage.h:60:26: error: expected ‘;’ at end of member declaration
    static void          *ObjectAlloc(size_t size);
                          ^
/usr/local/root-5.34.36/include/TStorage.h:60:45: error: expected ‘)’ before ‘size’
    static void          *ObjectAlloc(size_t size);
                                             ^
/usr/local/root-5.34.36/include/TStorage.h:61:26: error: expected ‘;’ at end of member declaration
    static void          *ObjectAllocArray(size_t size);
                          ^
/usr/local/root-5.34.36/include/TStorage.h:61:50: error: expected ‘)’ before ‘size’
    static void          *ObjectAllocArray(size_t size);
                                                  ^
/usr/local/root-5.34.36/include/TStorage.h:62:26: error: expected ‘;’ at end of member declaration
    static void          *ObjectAlloc(size_t size, void *vp);
                          ^
/usr/local/root-5.34.36/include/TStorage.h:62:38: error: redeclaration of ‘void* TStorage::ObjectAlloc’
    static void          *ObjectAlloc(size_t size, void *vp);
                                      ^
/usr/local/root-5.34.36/include/TStorage.h:60:26: note: previous declaration ‘void* TStorage::ObjectAlloc’
    static void          *ObjectAlloc(size_t size);
                          ^
/usr/local/root-5.34.36/include/TStorage.h:62:45: error: expected ‘)’ before ‘size’
    static void          *ObjectAlloc(size_t size, void *vp);
                                             ^
/usr/local/root-5.34.36/include/TStorage.h:66:26: error: ‘size_t’ has not been declared
    static void EnterStat(size_t size, void *p);
                          ^
/usr/local/root-5.34.36/include/TStorage.h:69:32: error: ‘size_t’ has not been declared
    static void SetMaxBlockSize(size_t size);
                                ^
/usr/local/root-5.34.36/include/TStorage.h:89:8: error: ‘size_t’ does not name a type
 inline size_t TStorage::GetMaxBlockSize() { return fgMaxBlockSize; }
        ^
/usr/local/root-5.34.36/include/TStorage.h:91:39: error: variable or field ‘SetMaxBlockSize’ declared void
 inline void TStorage::SetMaxBlockSize(size_t size) { fgMaxBlockSize = size; }
                                       ^
/usr/local/root-5.34.36/include/TStorage.h:91:39: error: ‘size_t’ was not declared in this scope
/usr/local/root-5.34.36/include/TStorage.h:91:39: note: suggested alternatives:
In file included from /usr/include/c++/4.8.2/iosfwd:38:0,
                 from /usr/local/root-5.34.36/include/Riosfwd.h:33,
                 from /usr/local/root-5.34.36/include/TString.h:32,
                 from ./include/Processor.h:5,
                 from ./include/HistoManager.h:5,
                 from ./include/Analysis.h:3,
                 from Analysis.cc:12:
/usr/include/c++/4.8.2/x86_64-redhat-linux/bits/c++config.h:1857:26: note:   ‘std::size_t’
   typedef __SIZE_TYPE__  size_t;
                          ^
/usr/include/c++/4.8.2/x86_64-redhat-linux/bits/c++config.h:1857:26: note:   ‘std::size_t’
In file included from /usr/local/root-5.34.36/include/TNamed.h:26:0,
                 from /usr/local/root-5.34.36/include/TAxis.h:25,
                 from /usr/local/root-5.34.36/include/TH1.h:25,
                 from /usr/local/root-5.34.36/include/TH1F.h:25,
                 from ./include/Processor.h:6,
                 from ./include/HistoManager.h:5,
                 from ./include/Analysis.h:3,
                 from Analysis.cc:12:
/usr/local/root-5.34.36/include/TObject.h:156:26: error: declaration of ‘operator new’ as non-function
    void    *operator new(size_t sz) { return TStorage::ObjectAlloc(sz); }
                          ^
/usr/local/root-5.34.36/include/TObject.h:156:22: error: expected ‘;’ at end of member declaration
    void    *operator new(size_t sz) { return TStorage::ObjectAlloc(sz); }
                      ^
/usr/local/root-5.34.36/include/TObject.h:156:33: error: expected ‘)’ before ‘sz’
    void    *operator new(size_t sz) { return TStorage::ObjectAlloc(sz); }
                                 ^
/usr/local/root-5.34.36/include/TObject.h:157:28: error: declaration of ‘operator new []’ as non-function
    void    *operator new[](size_t sz) { return TStorage::ObjectAllocArray(sz); }
                            ^
/usr/local/root-5.34.36/include/TObject.h:157:26: error: expected ‘;’ at end of member declaration
    void    *operator new[](size_t sz) { return TStorage::ObjectAllocArray(sz); }
                          ^
/usr/local/root-5.34.36/include/TObject.h:157:35: error: expected ‘)’ before ‘sz’
    void    *operator new[](size_t sz) { return TStorage::ObjectAllocArray(sz); }
                                   ^
/usr/local/root-5.34.36/include/TObject.h:158:26: error: declaration of ‘operator new’ as non-function
    void    *operator new(size_t sz, void *vp) { return TStorage::ObjectAlloc(sz, vp); }
                          ^
/usr/local/root-5.34.36/include/TObject.h:158:22: error: expected ‘;’ at end of member declaration
    void    *operator new(size_t sz, void *vp) { return TStorage::ObjectAlloc(sz, vp); }
                      ^
/usr/local/root-5.34.36/include/TObject.h:158:33: error: expected ‘)’ before ‘sz’
    void    *operator new(size_t sz, void *vp) { return TStorage::ObjectAlloc(sz, vp); }
                                 ^
/usr/local/root-5.34.36/include/TObject.h:159:28: error: declaration of ‘operator new []’ as non-function
    void    *operator new[](size_t sz, void *vp) { return TStorage::ObjectAlloc(sz, vp); }
                            ^
/usr/local/root-5.34.36/include/TObject.h:159:26: error: expected ‘;’ at end of member declaration
    void    *operator new[](size_t sz, void *vp) { return TStorage::ObjectAlloc(sz, vp); }
                          ^
/usr/local/root-5.34.36/include/TObject.h:159:35: error: expected ‘)’ before ‘sz’
    void    *operator new[](size_t sz, void *vp) { return TStorage::ObjectAlloc(sz, vp); }
                                   ^
In file included from /usr/local/root-5.34.36/include/TAxis.h:31:0,
                 from /usr/local/root-5.34.36/include/TH1.h:25,
                 from /usr/local/root-5.34.36/include/TH1F.h:25,
                 from ./include/Processor.h:6,
                 from ./include/HistoManager.h:5,
                 from ./include/Analysis.h:3,
                 from Analysis.cc:12:
/usr/local/root-5.34.36/include/TArrayD.h: In member function ‘void TArrayD::Reset()’:
/usr/local/root-5.34.36/include/TArrayD.h:49:78: error: ‘memset’ was not declared in this scope
    void            Reset()             {memset(fArray, 0, fN*sizeof(Double_t));}
                                                                              ^
In file included from /usr/local/root-5.34.36/include/TH1.h:41:0,
                 from /usr/local/root-5.34.36/include/TH1F.h:25,
                 from ./include/Processor.h:6,
                 from ./include/HistoManager.h:5,
                 from ./include/Analysis.h:3,
                 from Analysis.cc:12:
/usr/local/root-5.34.36/include/TArrayC.h: In member function ‘void TArrayC::Reset(Char_t)’:
/usr/local/root-5.34.36/include/TArrayC.h:49:75: error: ‘memset’ was not declared in this scope
    void          Reset(Char_t val=0)  {memset(fArray,val,fN*sizeof(Char_t));}
                                                                           ^
In file included from /usr/local/root-5.34.36/include/TH1.h:44:0,
                 from /usr/local/root-5.34.36/include/TH1F.h:25,
                 from ./include/Processor.h:6,
                 from ./include/HistoManager.h:5,
                 from ./include/Analysis.h:3,
                 from Analysis.cc:12:
/usr/local/root-5.34.36/include/TArrayS.h: In member function ‘void TArrayS::Reset()’:
/usr/local/root-5.34.36/include/TArrayS.h:49:75: error: ‘memset’ was not declared in this scope
    void           Reset()             {memset(fArray, 0,fN*sizeof(Short_t));}
                                                                           ^
In file included from /usr/local/root-5.34.36/include/TH1.h:47:0,
                 from /usr/local/root-5.34.36/include/TH1F.h:25,
                 from ./include/Processor.h:6,
                 from ./include/HistoManager.h:5,
                 from ./include/Analysis.h:3,
                 from Analysis.cc:12:
/usr/local/root-5.34.36/include/TArrayI.h: In member function ‘void TArrayI::Reset()’:
/usr/local/root-5.34.36/include/TArrayI.h:49:70: error: ‘memset’ was not declared in this scope
    void         Reset()           {memset(fArray, 0, fN*sizeof(Int_t));}
                                                                      ^
In file included from /usr/local/root-5.34.36/include/TH1.h:50:0,
                 from /usr/local/root-5.34.36/include/TH1F.h:25,
                 from ./include/Processor.h:6,
                 from ./include/HistoManager.h:5,
                 from ./include/Analysis.h:3,
                 from Analysis.cc:12:
/usr/local/root-5.34.36/include/TArrayF.h: In member function ‘void TArrayF::Reset()’:
/usr/local/root-5.34.36/include/TArrayF.h:49:77: error: ‘memset’ was not declared in this scope
    void           Reset()             {memset(fArray,  0, fN*sizeof(Float_t));}
                                                                             ^
In file included from /usr/include/c++/4.8.2/bits/ios_base.h:41:0,
                 from /usr/include/c++/4.8.2/ios:42,
                 from /usr/include/c++/4.8.2/ostream:38,
                 from /usr/include/c++/4.8.2/iterator:64,
                 from /usr/local/root-5.34.36/include/TList.h:32,
                 from /usr/local/root-5.34.36/include/TDirectory.h:28,
                 from /usr/local/root-5.34.36/include/TDirectoryFile.h:25,
                 from /usr/local/root-5.34.36/include/TFile.h:28,
                 from ./include/Processor.h:8,
                 from ./include/HistoManager.h:5,
                 from ./include/Analysis.h:3,
                 from Analysis.cc:12:
/usr/include/c++/4.8.2/bits/locale_classes.h: At global scope:
/usr/include/c++/4.8.2/bits/locale_classes.h:347:12: error: ‘__c_locale’ does not name a type
     static __c_locale                   _S_c_locale;
            ^
/usr/include/c++/4.8.2/bits/locale_classes.h:378:24: error: ‘__c_locale’ has not been declared
     _S_create_c_locale(__c_locale& __cloc, const char* __s,
                        ^
/usr/include/c++/4.8.2/bits/locale_classes.h:379:10: error: ‘__c_locale’ has not been declared
          __c_locale __old = 0);
          ^
/usr/include/c++/4.8.2/bits/locale_classes.h:381:12: error: ‘__c_locale’ does not name a type
     static __c_locale
            ^
/usr/include/c++/4.8.2/bits/locale_classes.h:385:25: error: ‘__c_locale’ has not been declared
     _S_destroy_c_locale(__c_locale& __cloc);
                         ^
/usr/include/c++/4.8.2/bits/locale_classes.h:387:12: error: ‘__c_locale’ does not name a type
     static __c_locale
            ^
/usr/include/c++/4.8.2/bits/locale_classes.h:392:12: error: ‘__c_locale’ does not name a type
     static __c_locale
            ^
/usr/include/c++/4.8.2/bits/locale_classes.h:597:7: error: ‘__c_locale’ does not name a type
       __c_locale   _M_c_locale_collate;
       ^
/usr/include/c++/4.8.2/bits/locale_classes.h:625:26: error: expected ‘)’ before ‘__cloc’
       collate(__c_locale __cloc, size_t __refs = 0)
                          ^
/usr/include/c++/4.8.2/bits/locale_classes.h: In constructor ‘std::collate<_CharT>::collate(std::size_t)’:
/usr/include/c++/4.8.2/bits/locale_classes.h:612:24: error: class ‘std::collate<_CharT>’ does not have any field named ‘_M_c_locale_collate’
       : facet(__refs), _M_c_locale_collate(_S_get_c_locale())
                        ^
/usr/include/c++/4.8.2/bits/locale_classes.h:612:60: error: there are no arguments to ‘_S_get_c_locale’ that depend on a template parameter, so a declaration of ‘_S_get_c_locale’ must be available [-fpermissive]
       : facet(__refs), _M_c_locale_collate(_S_get_c_locale())
                                                            ^
/usr/include/c++/4.8.2/bits/locale_classes.h:612:60: note: (if you use ‘-fpermissive’, G++ will accept your code, but allowing the use of an undeclared name is deprecated)
/usr/include/c++/4.8.2/bits/locale_classes.h: In destructor ‘virtual std::collate<_CharT>::~collate()’:
/usr/include/c++/4.8.2/bits/locale_classes.h:689:29: error: ‘_M_c_locale_collate’ was not declared in this scope
       { _S_destroy_c_locale(_M_c_locale_collate); }
                             ^
In file included from /usr/include/c++/4.8.2/cwctype:50:0,
                 from /usr/include/c++/4.8.2/bits/locale_facets.h:39,
                 from /usr/include/c++/4.8.2/bits/basic_ios.h:37,
                 from /usr/include/c++/4.8.2/ios:44,
                 from /usr/include/c++/4.8.2/ostream:38,
                 from /usr/include/c++/4.8.2/iterator:64,
                 from /usr/local/root-5.34.36/include/TList.h:32,
                 from /usr/local/root-5.34.36/include/TDirectory.h:28,
                 from /usr/local/root-5.34.36/include/TDirectoryFile.h:25,
                 from /usr/local/root-5.34.36/include/TFile.h:28,
                 from ./include/Processor.h:8,
                 from ./include/HistoManager.h:5,
                 from ./include/Analysis.h:3,
                 from Analysis.cc:12:
/usr/include/wctype.h: At global scope:
/usr/include/wctype.h:230:37: error: ‘__locale_t’ has not been declared
 extern int iswalnum_l (wint_t __wc, __locale_t __locale) __THROW;
                                     ^
/usr/include/wctype.h:236:37: error: ‘__locale_t’ has not been declared
 extern int iswalpha_l (wint_t __wc, __locale_t __locale) __THROW;
                                     ^
/usr/include/wctype.h:239:37: error: ‘__locale_t’ has not been declared
 extern int iswcntrl_l (wint_t __wc, __locale_t __locale) __THROW;
                                     ^
/usr/include/wctype.h:243:37: error: ‘__locale_t’ has not been declared
 extern int iswdigit_l (wint_t __wc, __locale_t __locale) __THROW;
                                     ^
/usr/include/wctype.h:247:37: error: ‘__locale_t’ has not been declared
 extern int iswgraph_l (wint_t __wc, __locale_t __locale) __THROW;
                                     ^
/usr/include/wctype.h:252:37: error: ‘__locale_t’ has not been declared
 extern int iswlower_l (wint_t __wc, __locale_t __locale) __THROW;
                                     ^
/usr/include/wctype.h:255:37: error: ‘__locale_t’ has not been declared
 extern int iswprint_l (wint_t __wc, __locale_t __locale) __THROW;
                                     ^
/usr/include/wctype.h:260:37: error: ‘__locale_t’ has not been declared
 extern int iswpunct_l (wint_t __wc, __locale_t __locale) __THROW;
                                     ^
/usr/include/wctype.h:265:37: error: ‘__locale_t’ has not been declared
 extern int iswspace_l (wint_t __wc, __locale_t __locale) __THROW;
                                     ^
/usr/include/wctype.h:270:37: error: ‘__locale_t’ has not been declared
 extern int iswupper_l (wint_t __wc, __locale_t __locale) __THROW;
                                     ^
/usr/include/wctype.h:275:38: error: ‘__locale_t’ has not been declared
 extern int iswxdigit_l (wint_t __wc, __locale_t __locale) __THROW;
                                      ^
/usr/include/wctype.h:280:37: error: ‘__locale_t’ has not been declared
 extern int iswblank_l (wint_t __wc, __locale_t __locale) __THROW;
                                     ^
/usr/include/wctype.h:284:51: error: ‘__locale_t’ has not been declared
 extern wctype_t wctype_l (const char *__property, __locale_t __locale)
                                                   ^
/usr/include/wctype.h:289:54: error: ‘__locale_t’ has not been declared
 extern int iswctype_l (wint_t __wc, wctype_t __desc, __locale_t __locale)
                                                      ^
/usr/include/wctype.h:298:40: error: ‘__locale_t’ has not been declared
 extern wint_t towlower_l (wint_t __wc, __locale_t __locale) __THROW;
                                        ^
/usr/include/wctype.h:301:40: error: ‘__locale_t’ has not been declared
 extern wint_t towupper_l (wint_t __wc, __locale_t __locale) __THROW;
                                        ^
/usr/include/wctype.h:305:53: error: ‘__locale_t’ has not been declared
 extern wctrans_t wctrans_l (const char *__property, __locale_t __locale)
                                                     ^
/usr/include/wctype.h:310:7: error: ‘__locale_t’ has not been declared
       __locale_t __locale) __THROW;
       ^
In file included from /usr/include/c++/4.8.2/bits/basic_ios.h:37:0,
                 from /usr/include/c++/4.8.2/ios:44,
                 from /usr/include/c++/4.8.2/ostream:38,
                 from /usr/include/c++/4.8.2/iterator:64,
                 from /usr/local/root-5.34.36/include/TList.h:32,
                 from /usr/local/root-5.34.36/include/TDirectory.h:28,
                 from /usr/local/root-5.34.36/include/TDirectoryFile.h:25,
                 from /usr/local/root-5.34.36/include/TFile.h:28,
                 from ./include/Processor.h:8,
                 from ./include/HistoManager.h:5,
                 from ./include/Analysis.h:3,
                 from Analysis.cc:12:
/usr/include/c++/4.8.2/bits/locale_facets.h:67:12: error: ‘__c_locale’ does not name a type
      const __c_locale&) throw();
            ^
/usr/include/c++/4.8.2/bits/locale_facets.h:73:12: error: ‘__c_locale’ does not name a type
      const __c_locale&) throw();
            ^
/usr/include/c++/4.8.2/bits/locale_facets.h:78:12: error: ‘__c_locale’ does not name a type
      const __c_locale&) throw();
            ^
/usr/include/c++/4.8.2/bits/locale_facets.h:83:12: error: ‘__c_locale’ does not name a type
      const __c_locale&) throw();
            ^
/usr/include/c++/4.8.2/bits/locale_facets.h:683:7: error: ‘__c_locale’ does not name a type
       __c_locale  _M_c_locale_ctype;
       ^
/usr/include/c++/4.8.2/bits/locale_facets.h:724:24: error: expected ‘)’ before ‘__cloc’
       ctype(__c_locale __cloc, const mask* __table = 0, bool __del = false,
                        ^
/usr/include/c++/4.8.2/bits/locale_facets.h:1184:7: error: ‘__c_locale’ does not name a type
       __c_locale  _M_c_locale_ctype;
       ^
/usr/include/c++/4.8.2/bits/locale_facets.h:1219:24: error: expected ‘)’ before ‘__cloc’
       ctype(__c_locale __cloc, size_t __refs = 0);
                        ^
In file included from /usr/include/c++/4.8.2/bits/basic_ios.h:37:0,
                 from /usr/include/c++/4.8.2/ios:44,
                 from /usr/include/c++/4.8.2/ostream:38,
                 from /usr/include/c++/4.8.2/iterator:64,
                 from /usr/local/root-5.34.36/include/TList.h:32,
                 from /usr/local/root-5.34.36/include/TDirectory.h:28,
                 from /usr/local/root-5.34.36/include/TDirectoryFile.h:25,
                 from /usr/local/root-5.34.36/include/TFile.h:28,
                 from ./include/Processor.h:8,
                 from ./include/HistoManager.h:5,
                 from ./include/Analysis.h:3,
                 from Analysis.cc:12:
/usr/include/c++/4.8.2/bits/locale_facets.h:1693:27: error: expected ‘)’ before ‘__cloc’
       numpunct(__c_locale __cloc, size_t __refs = 0)
                           ^
/usr/include/c++/4.8.2/bits/locale_facets.h:1850:30: error: ‘__c_locale’ has not been declared
       _M_initialize_numpunct(__c_locale __cloc = 0);
                              ^
/usr/include/c++/4.8.2/bits/locale_facets.h:1861:44: error: variable or field ‘_M_initialize_numpunct’ declared void
     numpunct<char>::_M_initialize_numpunct(__c_locale __cloc);
                                            ^
/usr/include/c++/4.8.2/bits/locale_facets.h:1861:44: error: ‘__c_locale’ was not declared in this scope
/usr/include/c++/4.8.2/bits/locale_facets.h:1869:47: error: variable or field ‘_M_initialize_numpunct’ declared void
     numpunct<wchar_t>::_M_initialize_numpunct(__c_locale __cloc);
                                               ^
/usr/include/c++/4.8.2/bits/locale_facets.h:1869:47: error: ‘__c_locale’ was not declared in this scope
/usr/include/c++/4.8.2/bits/locale_facets.h: In constructor ‘std::numpunct_byname<_CharT>::numpunct_byname(const char*, std::size_t)’:
/usr/include/c++/4.8.2/bits/locale_facets.h:1887:6: error: ‘__c_locale’ was not declared in this scope
      __c_locale __tmp;
      ^
/usr/include/c++/4.8.2/bits/locale_facets.h:1887:17: error: expected ‘;’ before ‘__tmp’
      __c_locale __tmp;
                 ^
/usr/include/c++/4.8.2/bits/locale_facets.h:1888:31: error: ‘__tmp’ was not declared in this scope
      this->_S_create_c_locale(__tmp, __s);
                               ^
In file included from /usr/include/c++/4.8.2/bits/locale_facets.h:2608:0,
                 from /usr/include/c++/4.8.2/bits/basic_ios.h:37,
                 from /usr/include/c++/4.8.2/ios:44,
                 from /usr/include/c++/4.8.2/ostream:38,
                 from /usr/include/c++/4.8.2/iterator:64,
                 from /usr/local/root-5.34.36/include/TList.h:32,
                 from /usr/local/root-5.34.36/include/TDirectory.h:28,
                 from /usr/local/root-5.34.36/include/TDirectoryFile.h:25,
                 from /usr/local/root-5.34.36/include/TFile.h:28,
                 from ./include/Processor.h:8,
                 from ./include/HistoManager.h:5,
                 from ./include/Analysis.h:3,
                 from Analysis.cc:12:
/usr/include/c++/4.8.2/bits/locale_facets.tcc: In member function ‘virtual _InIter std::num_get<_CharT, _InIter>::do_get(std::num_get<_CharT, _InIter>::iter_type, std::num_get<_CharT, _InIter>::iter_type, std::ios_base&, std::ios_base::iostate&, float&) const’:
/usr/include/c++/4.8.2/bits/locale_facets.tcc:692:71: error: there are no arguments to ‘_S_get_c_locale’ that depend on a template parameter, so a declaration of ‘_S_get_c_locale’ must be available [-fpermissive]
       std::__convert_to_v(__xtrc.c_str(), __v, __err, _S_get_c_locale());
                                                                       ^
/usr/include/c++/4.8.2/bits/locale_facets.tcc: In member function ‘virtual _InIter std::num_get<_CharT, _InIter>::do_get(std::num_get<_CharT, _InIter>::iter_type, std::num_get<_CharT, _InIter>::iter_type, std::ios_base&, std::ios_base::iostate&, double&) const’:
/usr/include/c++/4.8.2/bits/locale_facets.tcc:707:71: error: there are no arguments to ‘_S_get_c_locale’ that depend on a template parameter, so a declaration of ‘_S_get_c_locale’ must be available [-fpermissive]
       std::__convert_to_v(__xtrc.c_str(), __v, __err, _S_get_c_locale());
                                                                       ^
/usr/include/c++/4.8.2/bits/locale_facets.tcc: In member function ‘virtual _InIter std::num_get<_CharT, _InIter>::do_get(std::num_get<_CharT, _InIter>::iter_type, std::num_get<_CharT, _InIter>::iter_type, std::ios_base&, std::ios_base::iostate&, long double&) const’:
/usr/include/c++/4.8.2/bits/locale_facets.tcc:739:71: error: there are no arguments to ‘_S_get_c_locale’ that depend on a template parameter, so a declaration of ‘_S_get_c_locale’ must be available [-fpermissive]
       std::__convert_to_v(__xtrc.c_str(), __v, __err, _S_get_c_locale());
                                                                       ^
/usr/include/c++/4.8.2/bits/locale_facets.tcc: In member function ‘_OutIter std::num_put<_CharT, _OutIter>::_M_insert_float(_OutIter, std::ios_base&, _CharT, char, _ValueT) const’:
/usr/include/c++/4.8.2/bits/locale_facets.tcc:995:48: error: there are no arguments to ‘_S_get_c_locale’ that depend on a template parameter, so a declaration of ‘_S_get_c_locale’ must be available [-fpermissive]
  __len = std::__convert_from_v(_S_get_c_locale(), __cs, __cs_size,
                                                ^
/usr/include/c++/4.8.2/bits/locale_facets.tcc:1003:52: error: there are no arguments to ‘_S_get_c_locale’ that depend on a template parameter, so a declaration of ‘_S_get_c_locale’ must be available [-fpermissive]
      __len = std::__convert_from_v(_S_get_c_locale(), __cs, __cs_size,
                                                    ^
In file included from /usr/local/root-5.34.36/include/TDirectoryFile.h:25:0,
                 from /usr/local/root-5.34.36/include/TFile.h:28,
                 from ./include/Processor.h:8,
                 from ./include/HistoManager.h:5,
                 from ./include/Analysis.h:3,
                 from Analysis.cc:12:
/usr/local/root-5.34.36/include/TDirectory.h: At global scope:
/usr/local/root-5.34.36/include/TDirectory.h:200:97: error: ‘size_t’ does not name a type
    static void         DecodeNameCycle(const char *namecycle, char *name, Short_t &cycle, const size_t namesize = 0);
                                                                                                 ^
/usr/local/root-5.34.36/include/TDirectory.h:200:115: error: ISO C++ forbids declaration of ‘namesize’ with no type [-fpermissive]
    static void         DecodeNameCycle(const char *namecycle, char *name, Short_t &cycle, const size_t namesize = 0);
                                                                                                                   ^
In file included from /usr/include/bits/fcntl-linux.h:38:0,
                 from /usr/include/bits/fcntl.h:61,
                 from /usr/include/fcntl.h:35,
                 from /usr/local/root-5.34.36/include/TSystem.h:28,
                 from ./include/Processor.h:9,
                 from ./include/HistoManager.h:5,
                 from ./include/Analysis.h:3,
                 from Analysis.cc:12:
/usr/include/bits/uio.h:46:5: error: ‘size_t’ does not name a type
     size_t iov_len; /* Length of data.  */
     ^
In file included from /usr/include/bits/fcntl.h:61:0,
                 from /usr/include/fcntl.h:35,
                 from /usr/local/root-5.34.36/include/TSystem.h:28,
                 from ./include/Processor.h:9,
                 from ./include/HistoManager.h:5,
                 from ./include/Analysis.h:3,
                 from Analysis.cc:12:
/usr/include/bits/fcntl-linux.h:317:57: error: ‘size_t’ has not been declared
 extern ssize_t readahead (int __fd, __off64_t __offset, size_t __count)
                                                         ^
/usr/include/bits/fcntl-linux.h:334:5: error: ‘size_t’ has not been declared
     size_t __count, unsigned int __flags);
     ^
/usr/include/bits/fcntl-linux.h:341:31: error: ‘size_t’ has not been declared
          __off64_t *__offout, size_t __len,
                               ^
/usr/include/bits/fcntl-linux.h:348:46: error: ‘size_t’ has not been declared
 extern ssize_t tee (int __fdin, int __fdout, size_t __len,
                                              ^
In file included from ./include/Processor.h:9:0,
                 from ./include/HistoManager.h:5,
                 from ./include/Analysis.h:3,
                 from Analysis.cc:12:
/usr/local/root-5.34.36/include/TSystem.h: In static member function ‘static const char* TSystem::StripOffProto(const char*, const char*)’:
/usr/local/root-5.34.36/include/TSystem.h:332:48: error: ‘strlen’ was not declared in this scope
       return !strncmp(path, proto, strlen(proto)) ? path + strlen(proto) : path;
                                                ^
/usr/local/root-5.34.36/include/TSystem.h:332:49: error: ‘strncmp’ was not declared in this scope
       return !strncmp(path, proto, strlen(proto)) ? path + strlen(proto) : path;
                                                 ^
In file included from /usr/local/root-5.34.36/include/TFormula.h:30:0,
                 from /usr/local/root-5.34.36/include/TF1.h:27,
                 from ./include/Processor.h:11,
                 from ./include/HistoManager.h:5,
                 from ./include/Analysis.h:3,
                 from Analysis.cc:12:
/usr/local/root-5.34.36/include/TBits.h: In member function ‘void TBits::SetBitNumber(UInt_t, Bool_t)’:
/usr/local/root-5.34.36/include/TBits.h:208:46: error: ‘memcpy’ was not declared in this scope
          memcpy(fAllBits,old_location,fNbytes);
                                              ^
/usr/local/root-5.34.36/include/TBits.h:209:54: error: ‘memset’ was not declared in this scope
          memset(fAllBits+fNbytes ,0, new_size-fNbytes);
                                                      ^
In file included from ./include/Configuration.h:8:0,
                 from ./include/Processor.h:12,
                 from ./include/HistoManager.h:5,
                 from ./include/Analysis.h:3,
                 from Analysis.cc:12:
/usr/include/c++/4.8.2/cstdio: At global scope:
/usr/include/c++/4.8.2/cstdio:111:11: error: ‘::fread’ has not been declared
   using ::fread;
           ^
/usr/include/c++/4.8.2/cstdio:117:11: error: ‘::fwrite’ has not been declared
   using ::fwrite;
           ^
In file included from /usr/include/c++/4.8.2/fstream:40:0,
                 from ./include/Configuration.h:11,
                 from ./include/Processor.h:12,
                 from ./include/HistoManager.h:5,
                 from ./include/Analysis.h:3,
                 from Analysis.cc:12:
/usr/include/c++/4.8.2/bits/codecvt.h:287:7: error: ‘__c_locale’ does not name a type
       __c_locale   _M_c_locale_codecvt;
       ^
/usr/include/c++/4.8.2/bits/codecvt.h:299:26: error: expected ‘)’ before ‘__cloc’
       codecvt(__c_locale __cloc, size_t __refs = 0);
                          ^
/usr/include/c++/4.8.2/bits/codecvt.h: In constructor ‘std::codecvt<_InternT, _ExternT, _StateT>::codecvt(std::size_t)’:
/usr/include/c++/4.8.2/bits/codecvt.h:295:2: error: class ‘std::codecvt<_InternT, _ExternT, _StateT>’ does not have any field named ‘_M_c_locale_codecvt’
  _M_c_locale_codecvt(0)
  ^
/usr/include/c++/4.8.2/bits/codecvt.h: At global scope:
/usr/include/c++/4.8.2/bits/codecvt.h:350:7: error: ‘__c_locale’ does not name a type
       __c_locale   _M_c_locale_codecvt;
       ^
/usr/include/c++/4.8.2/bits/codecvt.h:359:26: error: expected ‘)’ before ‘__cloc’
       codecvt(__c_locale __cloc, size_t __refs = 0);
                          ^
/usr/include/c++/4.8.2/bits/codecvt.h:408:7: error: ‘__c_locale’ does not name a type
       __c_locale   _M_c_locale_codecvt;
       ^
/usr/include/c++/4.8.2/bits/codecvt.h:417:26: error: expected ‘)’ before ‘__cloc’
       codecvt(__c_locale __cloc, size_t __refs = 0);
                          ^
In file included from /home/uiuc/softwarerepo/install/include/Event.h:8:0,
                 from ./include/Processor.h:14,
                 from ./include/HistoManager.h:5,
                 from ./include/Analysis.h:3,
                 from Analysis.cc:12:
/usr/include/c++/4.8.2/ctime:72:11: error: ‘::strftime’ has not been declared
   using ::strftime;
           ^
In file included from ./include/Cluster.h:19:0,
                 from ./include/Processor.h:15,
                 from ./include/HistoManager.h:5,
                 from ./include/Analysis.h:3,
                 from Analysis.cc:12:
/usr/local/root-5.34.36/include/TROOT.h: In static member function ‘static void* TROOT::operator new(std::size_t)’:
/usr/local/root-5.34.36/include/TROOT.h:143:51: error: ‘operator new’ is not a member of ‘TObject’
    void          *operator new(size_t l) { return TObject::operator new(l); }
                                                   ^
make: *** [libAnalysis.so] Error 1
